This is pdfTeX, Version 3.14159265-2.6-1.40.21 (TeX Live 2020) (preloaded format=pdflatex 2020.12.8)  8 DEC 2020 16:42
entering extended mode
 restricted \write18 enabled.
 %&-line parsing enabled.
**ZimFiles.tex
(./ZimFiles.tex
LaTeX2e <2020-02-02> patch level 5
L3 programming layer <2020-03-06>
(/usr/local/texlive/2020/texmf-dist/tex/latex/base/article.cls
Document Class: article 2019/12/20 v1.4l Standard LaTeX document class
(/usr/local/texlive/2020/texmf-dist/tex/latex/base/size10.clo
File: size10.clo 2019/12/20 v1.4l Standard LaTeX file (size option)
)
\c@part=\count167
\c@section=\count168
\c@subsection=\count169
\c@subsubsection=\count170
\c@paragraph=\count171
\c@subparagraph=\count172
\c@figure=\count173
\c@table=\count174
\abovecaptionskip=\skip47
\belowcaptionskip=\skip48
\bibindent=\dimen134
)
(/usr/local/texlive/2020/texmf-dist/tex/latex/ucs/ucs.sty
Package: ucs 2013/05/11 v2.2 UCS: Unicode input support

(/usr/local/texlive/2020/texmf-dist/tex/latex/ucs/data/uni-global.def
File: uni-global.def 2013/05/13 UCS: Unicode global data
)
\uc@secondtry=\count175
\uc@combtoks=\toks15
\uc@combtoksb=\toks16
\uc@temptokena=\toks17
)
(/usr/local/texlive/2020/texmf-dist/tex/latex/base/inputenc.sty
Package: inputenc 2018/08/11 v1.3c Input encoding file
\inpenc@prehook=\toks18
\inpenc@posthook=\toks19

(/usr/local/texlive/2020/texmf-dist/tex/latex/ucs/utf8x.def
File: utf8x.def 2004/10/17 UCS: Input encoding UTF-8
))
(/usr/local/texlive/2020/texmf-dist/tex/latex/amsfonts/amssymb.sty
Package: amssymb 2013/01/14 v3.01 AMS font symbols

(/usr/local/texlive/2020/texmf-dist/tex/latex/amsfonts/amsfonts.sty
Package: amsfonts 2013/01/14 v3.01 Basic AMSFonts support
\@emptytoks=\toks20
\symAMSa=\mathgroup4
\symAMSb=\mathgroup5
LaTeX Font Info:    Redeclaring math symbol \hbar on input line 98.
LaTeX Font Info:    Overwriting math alphabet `\mathfrak' in version `bold'
(Font)                  U/euf/m/n --> U/euf/b/n on input line 106.
))
(/usr/local/texlive/2020/texmf-dist/tex/latex/amsmath/amsmath.sty
Package: amsmath 2020/01/20 v2.17e AMS math features
\@mathmargin=\skip49

For additional information on amsmath, use the `?' option.
(/usr/local/texlive/2020/texmf-dist/tex/latex/amsmath/amstext.sty
Package: amstext 2000/06/29 v2.01 AMS text

(/usr/local/texlive/2020/texmf-dist/tex/latex/amsmath/amsgen.sty
File: amsgen.sty 1999/11/30 v2.0 generic functions
\@emptytoks=\toks21
\ex@=\dimen135
))
(/usr/local/texlive/2020/texmf-dist/tex/latex/amsmath/amsbsy.sty
Package: amsbsy 1999/11/29 v1.2d Bold Symbols
\pmbraise@=\dimen136
)
(/usr/local/texlive/2020/texmf-dist/tex/latex/amsmath/amsopn.sty
Package: amsopn 2016/03/08 v2.02 operator names
)
\inf@bad=\count176
LaTeX Info: Redefining \frac on input line 227.
\uproot@=\count177
\leftroot@=\count178
LaTeX Info: Redefining \overline on input line 389.
\classnum@=\count179
\DOTSCASE@=\count180
LaTeX Info: Redefining \ldots on input line 486.
LaTeX Info: Redefining \dots on input line 489.
LaTeX Info: Redefining \cdots on input line 610.
\Mathstrutbox@=\box45
\strutbox@=\box46
\big@size=\dimen137
LaTeX Font Info:    Redeclaring font encoding OML on input line 733.
LaTeX Font Info:    Redeclaring font encoding OMS on input line 734.
\macc@depth=\count181
\c@MaxMatrixCols=\count182
\dotsspace@=\muskip16
\c@parentequation=\count183
\dspbrk@lvl=\count184
\tag@help=\toks22
\row@=\count185
\column@=\count186
\maxfields@=\count187
\andhelp@=\toks23
\eqnshift@=\dimen138
\alignsep@=\dimen139
\tagshift@=\dimen140
\tagwidth@=\dimen141
\totwidth@=\dimen142
\lineht@=\dimen143
\@envbody=\toks24
\multlinegap=\skip50
\multlinetaggap=\skip51
\mathdisplay@stack=\toks25
LaTeX Info: Redefining \[ on input line 2859.
LaTeX Info: Redefining \] on input line 2860.
)
(/usr/local/texlive/2020/texmf-dist/tex/latex/graphics/color.sty
Package: color 2019/11/23 v1.2a Standard LaTeX Color (DPC)

(/usr/local/texlive/2020/texmf-dist/tex/latex/graphics-cfg/color.cfg
File: color.cfg 2016/01/02 v1.6 sample color configuration
)
Package color Info: Driver file: pdftex.def on input line 147.

(/usr/local/texlive/2020/texmf-dist/tex/latex/graphics-def/pdftex.def
File: pdftex.def 2018/01/08 v1.0l Graphics/color driver for pdftex
))
(/usr/local/texlive/2020/texmf-dist/tex/latex/hyperref/hyperref.sty
Package: hyperref 2020/01/14 v7.00d Hypertext links for LaTeX

(/usr/local/texlive/2020/texmf-dist/tex/generic/ltxcmds/ltxcmds.sty
Package: ltxcmds 2019/12/15 v1.24 LaTeX kernel commands for general use (HO)
)
(/usr/local/texlive/2020/texmf-dist/tex/generic/iftex/iftex.sty
Package: iftex 2020/03/06 v1.0d TeX engine tests
)
(/usr/local/texlive/2020/texmf-dist/tex/latex/pdftexcmds/pdftexcmds.sty
Package: pdftexcmds 2019/11/24 v0.31 Utility functions of pdfTeX for LuaTeX (HO
)

(/usr/local/texlive/2020/texmf-dist/tex/generic/infwarerr/infwarerr.sty
Package: infwarerr 2019/12/03 v1.5 Providing info/warning/error messages (HO)
)
Package pdftexcmds Info: \pdf@primitive is available.
Package pdftexcmds Info: \pdf@ifprimitive is available.
Package pdftexcmds Info: \pdfdraftmode found.
)
(/usr/local/texlive/2020/texmf-dist/tex/latex/graphics/keyval.sty
Package: keyval 2014/10/28 v1.15 key=value parser (DPC)
\KV@toks@=\toks26
)
(/usr/local/texlive/2020/texmf-dist/tex/generic/kvsetkeys/kvsetkeys.sty
Package: kvsetkeys 2019/12/15 v1.18 Key value parser (HO)
)
(/usr/local/texlive/2020/texmf-dist/tex/generic/kvdefinekeys/kvdefinekeys.sty
Package: kvdefinekeys 2019-12-19 v1.6 Define keys (HO)
)
(/usr/local/texlive/2020/texmf-dist/tex/generic/pdfescape/pdfescape.sty
Package: pdfescape 2019/12/09 v1.15 Implements pdfTeX's escape features (HO)
)
(/usr/local/texlive/2020/texmf-dist/tex/latex/hycolor/hycolor.sty
Package: hycolor 2020-01-27 v1.10 Color options for hyperref/bookmark (HO)
)
(/usr/local/texlive/2020/texmf-dist/tex/latex/letltxmacro/letltxmacro.sty
Package: letltxmacro 2019/12/03 v1.6 Let assignment for LaTeX macros (HO)
)
(/usr/local/texlive/2020/texmf-dist/tex/latex/auxhook/auxhook.sty
Package: auxhook 2019-12-17 v1.6 Hooks for auxiliary files (HO)
)
(/usr/local/texlive/2020/texmf-dist/tex/latex/kvoptions/kvoptions.sty
Package: kvoptions 2019/11/29 v3.13 Key value format for package options (HO)
)
\@linkdim=\dimen144
\Hy@linkcounter=\count188
\Hy@pagecounter=\count189

(/usr/local/texlive/2020/texmf-dist/tex/latex/hyperref/pd1enc.def
File: pd1enc.def 2020/01/14 v7.00d Hyperref: PDFDocEncoding definition (HO)
)
(/usr/local/texlive/2020/texmf-dist/tex/generic/intcalc/intcalc.sty
Package: intcalc 2019/12/15 v1.3 Expandable calculations with integers (HO)
)
(/usr/local/texlive/2020/texmf-dist/tex/generic/etexcmds/etexcmds.sty
Package: etexcmds 2019/12/15 v1.7 Avoid name clashes with e-TeX commands (HO)
)
\Hy@SavedSpaceFactor=\count190
Package hyperref Info: Hyper figures OFF on input line 4547.
Package hyperref Info: Link nesting OFF on input line 4552.
Package hyperref Info: Hyper index ON on input line 4555.
Package hyperref Info: Plain pages OFF on input line 4562.
Package hyperref Info: Backreferencing OFF on input line 4567.
Package hyperref Info: Implicit mode ON; LaTeX internals redefined.
Package hyperref Info: Bookmarks ON on input line 4800.
\c@Hy@tempcnt=\count191

(/usr/local/texlive/2020/texmf-dist/tex/latex/url/url.sty
\Urlmuskip=\muskip17
Package: url 2013/09/16  ver 3.4  Verb mode for urls, etc.
)
LaTeX Info: Redefining \url on input line 5159.
\XeTeXLinkMargin=\dimen145

(/usr/local/texlive/2020/texmf-dist/tex/generic/bitset/bitset.sty
Package: bitset 2019/12/09 v1.3 Handle bit-vector datatype (HO)

(/usr/local/texlive/2020/texmf-dist/tex/generic/bigintcalc/bigintcalc.sty
Package: bigintcalc 2019/12/15 v1.5 Expandable calculations on big integers (HO
)
))
\Fld@menulength=\count192
\Field@Width=\dimen146
\Fld@charsize=\dimen147
Package hyperref Info: Hyper figures OFF on input line 6430.
Package hyperref Info: Link nesting OFF on input line 6435.
Package hyperref Info: Hyper index ON on input line 6438.
Package hyperref Info: backreferencing OFF on input line 6445.
Package hyperref Info: Link coloring OFF on input line 6450.
Package hyperref Info: Link coloring with OCG OFF on input line 6455.
Package hyperref Info: PDF/A mode OFF on input line 6460.
LaTeX Info: Redefining \ref on input line 6500.
LaTeX Info: Redefining \pageref on input line 6504.

(/usr/local/texlive/2020/texmf-dist/tex/generic/atbegshi/atbegshi.sty
Package: atbegshi 2019/12/05 v1.19 At begin shipout hook (HO)
)
\Hy@abspage=\count193
\c@Item=\count194
\c@Hfootnote=\count195
)
Package hyperref Info: Driver (autodetected): hpdftex.

(/usr/local/texlive/2020/texmf-dist/tex/latex/hyperref/hpdftex.def
File: hpdftex.def 2020/01/14 v7.00d Hyperref driver for pdfTeX

(/usr/local/texlive/2020/texmf-dist/tex/latex/atveryend/atveryend.sty
Package: atveryend 2019-12-11 v1.11 Hooks at the very end of document (HO)
Package atveryend Info: \enddocument detected (standard20110627).
)
\Fld@listcount=\count196
\c@bookmark@seq@number=\count197

(/usr/local/texlive/2020/texmf-dist/tex/latex/rerunfilecheck/rerunfilecheck.sty
Package: rerunfilecheck 2019/12/05 v1.9 Rerun checks for auxiliary files (HO)

(/usr/local/texlive/2020/texmf-dist/tex/generic/uniquecounter/uniquecounter.sty
Package: uniquecounter 2019/12/15 v1.4 Provide unlimited unique counter (HO)
)
Package uniquecounter Info: New unique counter `rerunfilecheck' on input line 2
86.
)
\Hy@SectionHShift=\skip52
) (/usr/local/texlive/2020/texmf-dist/tex/latex/wasysym/wasysym.sty
Package: wasysym 2020/01/19 v2.4 Wasy-2 symbol support package
\symwasy=\mathgroup6
LaTeX Font Info:    Overwriting symbol font `wasy' in version `bold'
(Font)                  U/wasy/m/n --> U/wasy/b/n on input line 93.
)
(/usr/local/texlive/2020/texmf-dist/tex/latex/graphics/graphicx.sty
Package: graphicx 2019/11/30 v1.2a Enhanced LaTeX Graphics (DPC,SPQR)

(/usr/local/texlive/2020/texmf-dist/tex/latex/graphics/graphics.sty
Package: graphics 2019/11/30 v1.4a Standard LaTeX Graphics (DPC,SPQR)

(/usr/local/texlive/2020/texmf-dist/tex/latex/graphics/trig.sty
Package: trig 2016/01/03 v1.10 sin cos tan (DPC)
)
(/usr/local/texlive/2020/texmf-dist/tex/latex/graphics-cfg/graphics.cfg
File: graphics.cfg 2016/06/04 v1.11 sample graphics configuration
)
Package graphics Info: Driver file: pdftex.def on input line 105.
)
\Gin@req@height=\dimen148
\Gin@req@width=\dimen149
)
(/usr/local/texlive/2020/texmf-dist/tex/generic/ulem/ulem.sty
\UL@box=\box47
\UL@hyphenbox=\box48
\UL@skip=\skip53
\UL@hook=\toks27
\UL@height=\dimen150
\UL@pe=\count198
\UL@pixel=\dimen151
\ULC@box=\box49
Package: ulem 2019/11/18
\ULdepth=\dimen152
)
(/usr/local/texlive/2020/texmf-dist/tex/latex/tools/enumerate.sty
Package: enumerate 2015/07/23 v3.00 enumerate extensions (DPC)
\@enLab=\toks28
)
(/usr/local/texlive/2020/texmf-dist/tex/latex/listings/listings.sty
\lst@mode=\count199
\lst@gtempboxa=\box50
\lst@token=\toks29
\lst@length=\count266
\lst@currlwidth=\dimen153
\lst@column=\count267
\lst@pos=\count268
\lst@lostspace=\dimen154
\lst@width=\dimen155
\lst@newlines=\count269
\lst@lineno=\count270
\lst@maxwidth=\dimen156

(/usr/local/texlive/2020/texmf-dist/tex/latex/listings/lstmisc.sty
File: lstmisc.sty 2020/03/24 1.8d (Carsten Heinz)
\c@lstnumber=\count271
\lst@skipnumbers=\count272
\lst@framebox=\box51
)
(/usr/local/texlive/2020/texmf-dist/tex/latex/listings/listings.cfg
File: listings.cfg 2020/03/24 1.8d listings configuration
))
Package: listings 2020/03/24 1.8d (Carsten Heinz)

(/usr/local/texlive/2020/texmf-dist/tex/latex/l3backend/l3backend-pdfmode.def
File: l3backend-pdfmode.def 2020-03-12 L3 backend support: PDF mode
\l__kernel_color_stack_int=\count273
\l__pdf_internal_box=\box52
)
(./ZimFiles.aux)
\openout1 = `ZimFiles.aux'.

LaTeX Font Info:    Checking defaults for OML/cmm/m/it on input line 31.
LaTeX Font Info:    ... okay on input line 31.
LaTeX Font Info:    Checking defaults for OMS/cmsy/m/n on input line 31.
LaTeX Font Info:    ... okay on input line 31.
LaTeX Font Info:    Checking defaults for OT1/cmr/m/n on input line 31.
LaTeX Font Info:    ... okay on input line 31.
LaTeX Font Info:    Checking defaults for T1/cmr/m/n on input line 31.
LaTeX Font Info:    ... okay on input line 31.
LaTeX Font Info:    Checking defaults for TS1/cmr/m/n on input line 31.
LaTeX Font Info:    ... okay on input line 31.
LaTeX Font Info:    Checking defaults for OMX/cmex/m/n on input line 31.
LaTeX Font Info:    ... okay on input line 31.
LaTeX Font Info:    Checking defaults for U/cmr/m/n on input line 31.
LaTeX Font Info:    ... okay on input line 31.
LaTeX Font Info:    Checking defaults for PD1/pdf/m/n on input line 31.
LaTeX Font Info:    ... okay on input line 31.
 (/usr/local/texlive/2020/texmf-dist/tex/latex/ucs/ucsencs.def
File: ucsencs.def 2011/01/21 Fixes to fontencodings LGR, T3
) (/usr/local/texlive/2020/texmf-dist/tex/context/base/mkii/supp-pdf.mkii
[Loading MPS to PDF converter (version 2006.09.02).]
\scratchcounter=\count274
\scratchdimen=\dimen157
\scratchbox=\box53
\nofMPsegments=\count275
\nofMParguments=\count276
\everyMPshowfont=\toks30
\MPscratchCnt=\count277
\MPscratchDim=\dimen158
\MPnumerator=\count278
\makeMPintoPDFobject=\count279
\everyMPtoPDFconversion=\toks31
) (/usr/local/texlive/2020/texmf-dist/tex/latex/epstopdf-pkg/epstopdf-base.sty
Package: epstopdf-base 2020-01-24 v2.11 Base part for package epstopdf
Package epstopdf-base Info: Redefining graphics rule for `.eps' on input line 4
85.

(/usr/local/texlive/2020/texmf-dist/tex/latex/latexconfig/epstopdf-sys.cfg
File: epstopdf-sys.cfg 2010/07/13 v1.3 Configuration of (r)epstopdf for TeX Liv
e
))
\AtBeginShipoutBox=\box54
Package hyperref Info: Link coloring OFF on input line 31.

(/usr/local/texlive/2020/texmf-dist/tex/latex/hyperref/nameref.sty
Package: nameref 2019/09/16 v2.46 Cross-referencing by name of section

(/usr/local/texlive/2020/texmf-dist/tex/latex/refcount/refcount.sty
Package: refcount 2019/12/15 v3.6 Data extraction from label references (HO)
)
(/usr/local/texlive/2020/texmf-dist/tex/generic/gettitlestring/gettitlestring.s
ty
Package: gettitlestring 2019/12/15 v1.6 Cleanup title references (HO)
)
\c@section@level=\count280
)
LaTeX Info: Redefining \ref on input line 31.
LaTeX Info: Redefining \pageref on input line 31.
LaTeX Info: Redefining \nameref on input line 31.
 (./ZimFiles.out) (./ZimFiles.out)
\@outlinefile=\write3
\openout3 = `ZimFiles.out'.

\c@lstlisting=\count281
LaTeX Font Info:    Trying to load font information for U+msa on input line 34.


(/usr/local/texlive/2020/texmf-dist/tex/latex/amsfonts/umsa.fd
File: umsa.fd 2013/01/14 v3.01 AMS symbols A
)
LaTeX Font Info:    Trying to load font information for U+msb on input line 34.


(/usr/local/texlive/2020/texmf-dist/tex/latex/amsfonts/umsb.fd
File: umsb.fd 2013/01/14 v3.01 AMS symbols B
)
LaTeX Font Info:    Trying to load font information for U+wasy on input line 34
.

(/usr/local/texlive/2020/texmf-dist/tex/latex/wasysym/uwasy.fd
File: uwasy.fd 2020/01/19 v2.4 Wasy-2 symbol font definitions
) [1

{/usr/local/texlive/2020/texmf-var/fonts/map/pdftex/updmap/pdftex.map}]
<./ZimFiles_files/Camera_setup/Camera_mount/First_Camera_Mount/3D_print_houder.
jpeg, id=701, 4047.12pt x 3035.34pt>
File: ./ZimFiles_files/Camera_setup/Camera_mount/First_Camera_Mount/3D_print_ho
uder.jpeg Graphic file (type jpg)
<use ./ZimFiles_files/Camera_setup/Camera_mount/First_Camera_Mount/3D_print_hou
der.jpeg>
Package pdftex.def Info: ./ZimFiles_files/Camera_setup/Camera_mount/First_Camer
a_Mount/3D_print_houder.jpeg  used on input line 99.
(pdftex.def)             Requested size: 301.1125pt x 225.84375pt.
<./ZimFiles_files/Camera_setup/Camera_mount/First_Camera_Mount/eerste_setup_and
ere_richting.jpeg, id=702, 4047.12pt x 3035.34pt>
File: ./ZimFiles_files/Camera_setup/Camera_mount/First_Camera_Mount/eerste_setu
p_andere_richting.jpeg Graphic file (type jpg)
<use ./ZimFiles_files/Camera_setup/Camera_mount/First_Camera_Mount/eerste_setup
_andere_richting.jpeg>
Package pdftex.def Info: ./ZimFiles_files/Camera_setup/Camera_mount/First_Camer
a_Mount/eerste_setup_andere_richting.jpeg  used on input line 109.
(pdftex.def)             Requested size: 301.1125pt x 225.84375pt.
 [2 <./ZimFiles_files/Camera_setup/Camera_mount/First_Camera_Mount/3D_print_hou
der.jpeg>] [3 <./ZimFiles_files/Camera_setup/Camera_mount/First_Camera_Mount/ee
rste_setup_andere_richting.jpeg>]
<./ZimFiles_files/Camera_setup/Light/Desk_Lamp_Test/eerste_setup_andere_richtin
g.jpeg, id=716, 4047.12pt x 3035.34pt>
File: ./ZimFiles_files/Camera_setup/Light/Desk_Lamp_Test/eerste_setup_andere_ri
chting.jpeg Graphic file (type jpg)
<use ./ZimFiles_files/Camera_setup/Light/Desk_Lamp_Test/eerste_setup_andere_ric
hting.jpeg>
Package pdftex.def Info: ./ZimFiles_files/Camera_setup/Light/Desk_Lamp_Test/eer
ste_setup_andere_richting.jpeg  used on input line 168.
(pdftex.def)             Requested size: 301.12537pt x 225.83437pt.
<./ZimFiles_files/Camera_setup/Light/Desk_Lamp_Test/eerste_setup_andere_richtin
g_beeld2.jpeg, id=717, 4047.12pt x 3035.34pt>
File: ./ZimFiles_files/Camera_setup/Light/Desk_Lamp_Test/eerste_setup_andere_ri
chting_beeld2.jpeg Graphic file (type jpg)
<use ./ZimFiles_files/Camera_setup/Light/Desk_Lamp_Test/eerste_setup_andere_ric
hting_beeld2.jpeg>
Package pdftex.def Info: ./ZimFiles_files/Camera_setup/Light/Desk_Lamp_Test/eer
ste_setup_andere_richting_beeld2.jpeg  used on input line 168.
(pdftex.def)             Requested size: 301.12537pt x 225.83437pt.

Overfull \hbox (272.25073pt too wide) in paragraph at lines 168--169
[][][] 
 []

<./ZimFiles_files/Camera_setup/Light/Desk_Lamp_Test/eerste-opstelling_donkere_a
chtergrond2.jpg, id=718, 1445.4pt x 813.0375pt>
File: ./ZimFiles_files/Camera_setup/Light/Desk_Lamp_Test/eerste-opstelling_donk
ere_achtergrond2.jpg Graphic file (type jpg)
<use ./ZimFiles_files/Camera_setup/Light/Desk_Lamp_Test/eerste-opstelling_donke
re_achtergrond2.jpg>
Package pdftex.def Info: ./ZimFiles_files/Camera_setup/Light/Desk_Lamp_Test/eer
ste-opstelling_donkere_achtergrond2.jpg  used on input line 184.
(pdftex.def)             Requested size: 301.12537pt x 169.37825pt.
[4 <./ZimFiles_files/Camera_setup/Light/Desk_Lamp_Test/eerste_setup_andere_rich
ting.jpeg> <./ZimFiles_files/Camera_setup/Light/Desk_Lamp_Test/eerste_setup_and
ere_richting_beeld2.jpeg>]
<./ZimFiles_files/Camera_setup/Light/White_Led_Strips/Test_setup_ledstrip.jpeg,
 id=723, 4047.12pt x 3035.34pt>
File: ./ZimFiles_files/Camera_setup/Light/White_Led_Strips/Test_setup_ledstrip.
jpeg Graphic file (type jpg)
<use ./ZimFiles_files/Camera_setup/Light/White_Led_Strips/Test_setup_ledstrip.j
peg>
Package pdftex.def Info: ./ZimFiles_files/Camera_setup/Light/White_Led_Strips/T
est_setup_ledstrip.jpeg  used on input line 211.
(pdftex.def)             Requested size: 301.1125pt x 225.84375pt.
 [5 <./ZimFiles_files/Camera_setup/Light/Desk_Lamp_Test/eerste-opstelling_donke
re_achtergrond2.jpg>] [6 <./ZimFiles_files/Camera_setup/Light/White_Led_Strips/
Test_setup_ledstrip.jpeg>]
<./ZimFiles_files/Camera_setup/Tool_Holder/Wheel_Holder/first_wheel_holder/radh
ouder.png, id=732, 740.7675pt x 431.6125pt>
File: ./ZimFiles_files/Camera_setup/Tool_Holder/Wheel_Holder/first_wheel_holder
/radhouder.png Graphic file (type png)
<use ./ZimFiles_files/Camera_setup/Tool_Holder/Wheel_Holder/first_wheel_holder/
radhouder.png>
Package pdftex.def Info: ./ZimFiles_files/Camera_setup/Tool_Holder/Wheel_Holder
/first_wheel_holder/radhouder.png  used on input line 277.
(pdftex.def)             Requested size: 387.60889pt x 225.84375pt.

Overfull \hbox (57.60889pt too wide) in paragraph at lines 277--278
[][] 
 []

<./ZimFiles_files/Camera_setup/Tool_Holder/Wheel_Holder/first_wheel_holder/radh
ouder_duringprint.jpeg, id=734, 4047.12pt x 3035.34pt>
File: ./ZimFiles_files/Camera_setup/Tool_Holder/Wheel_Holder/first_wheel_holder
/radhouder_duringprint.jpeg Graphic file (type jpg)
<use ./ZimFiles_files/Camera_setup/Tool_Holder/Wheel_Holder/first_wheel_holder/
radhouder_duringprint.jpeg>
Package pdftex.def Info: ./ZimFiles_files/Camera_setup/Tool_Holder/Wheel_Holder
/first_wheel_holder/radhouder_duringprint.jpeg  used on input line 281.
(pdftex.def)             Requested size: 301.1125pt x 225.84375pt.
[7 <./ZimFiles_files/Camera_setup/Tool_Holder/Wheel_Holder/first_wheel_holder/r
adhouder.png>]
<./ZimFiles_files/Camera_setup/Tool_Holder/Wheel_Holder/first_wheel_holder/radh
ouder_horizontal.jpeg, id=741, 4047.12pt x 3035.34pt>
File: ./ZimFiles_files/Camera_setup/Tool_Holder/Wheel_Holder/first_wheel_holder
/radhouder_horizontal.jpeg Graphic file (type jpg)
<use ./ZimFiles_files/Camera_setup/Tool_Holder/Wheel_Holder/first_wheel_holder/
radhouder_horizontal.jpeg>
Package pdftex.def Info: ./ZimFiles_files/Camera_setup/Tool_Holder/Wheel_Holder
/first_wheel_holder/radhouder_horizontal.jpeg  used on input line 285.
(pdftex.def)             Requested size: 301.1125pt x 225.84375pt.
 [8 <./ZimFiles_files/Camera_setup/Tool_Holder/Wheel_Holder/first_wheel_holder/
radhouder_duringprint.jpeg> <./ZimFiles_files/Camera_setup/Tool_Holder/Wheel_Ho
lder/first_wheel_holder/radhouder_horizontal.jpeg>]
<./ZimFiles_files/Camera_setup/Tool_Holder/Wheel_Holder/Second_Wheel_Holder/rad
houder_v2.png, id=746, 665.48625pt x 335.2525pt>
File: ./ZimFiles_files/Camera_setup/Tool_Holder/Wheel_Holder/Second_Wheel_Holde
r/radhouder_v2.png Graphic file (type png)
<use ./ZimFiles_files/Camera_setup/Tool_Holder/Wheel_Holder/Second_Wheel_Holder
/radhouder_v2.png>
Package pdftex.def Info: ./ZimFiles_files/Camera_setup/Tool_Holder/Wheel_Holder
/Second_Wheel_Holder/radhouder_v2.png  used on input line 350.
(pdftex.def)             Requested size: 376.40587pt x 189.62263pt.

Overfull \hbox (46.40587pt too wide) in paragraph at lines 350--351
[][] 
 []

[9]
<./ZimFiles_files/Camera_setup/Tool_Holder/Wheel_Holder/Second_Wheel_Holder/cli
p_9.png, id=751, 769.87625pt x 658.46pt>
File: ./ZimFiles_files/Camera_setup/Tool_Holder/Wheel_Holder/Second_Wheel_Holde
r/clip_9.png Graphic file (type png)
<use ./ZimFiles_files/Camera_setup/Tool_Holder/Wheel_Holder/Second_Wheel_Holder
/clip_9.png>
Package pdftex.def Info: ./ZimFiles_files/Camera_setup/Tool_Holder/Wheel_Holder
/Second_Wheel_Holder/clip_9.png  used on input line 370.
(pdftex.def)             Requested size: 225.84375pt x 193.1589pt.
 [10 <./ZimFiles_files/Camera_setup/Tool_Holder/Wheel_Holder/Second_Wheel_Holde
r/radhouder_v2.png> <./ZimFiles_files/Camera_setup/Tool_Holder/Wheel_Holder/Sec
ond_Wheel_Holder/clip_9.png>]
Overfull \hbox (62.58398pt too wide) in paragraph at lines 433--495
[][] 
 []

[11]
LaTeX Font Info:    Trying to load font information for OML+cmr on input line 5
04.
 (/usr/local/texlive/2020/texmf-dist/tex/latex/base/omlcmr.fd
File: omlcmr.fd 2019/12/16 v2.5j Standard LaTeX font definitions
)
LaTeX Font Info:    Font shape `OML/cmr/m/n' in size <10> not available
(Font)              Font shape `OML/cmm/m/it' tried instead on input line 504.

Overfull \hbox (27.33035pt too wide) in paragraph at lines 504--505
\OT1/cmr/m/n/10 1.5s wait time be-fore the next ac-tion can take place. this is
 to long..+arduino[]loop[]time
 []

[12]
Overfull \hbox (43.79553pt too wide) in paragraph at lines 583--599
 []\OT1/cmr/bx/n/10 No Fas-tLED.show func-tions[] [] 
 []

[13] [14]
Overfull \hbox (60.38988pt too wide) in paragraph at lines 802--803
[]\OT1/cmr/m/n/10 https://gist.github.com/cbednarski/8450931 https://gist.githu
b.com/cbednarski/8450931 
 []


Overfull \hbox (38.66747pt too wide) in paragraph at lines 823--824
[]\OT1/cmr/m/n/10 https://stackoverflow.com/questions/43372432/can-not-install-
open-cv-on-my-pycharm-
 []

[15]
Overfull \hbox (18.1952pt too wide) in paragraph at lines 903--904
[]\OT1/cmr/m/n/10 sudo apt-get in-stall cmake git libgtk2.0-dev pkg-config liba
vcodec-dev libavformat-
 []

[16] [17]
Overfull \hbox (61.80643pt too wide) in paragraph at lines 1022--1023
[][]\OT1/cmr/m/n/10 https://www.sandvik.coromant.com/en-gb/products/Pages/produ
ctdetails.aspx?c=R390-
 []

[18] [19]
<./ZimFiles_files/Research/Vision_Algorithm/camera_position_validation/paper1_a
rch_fromscratch.png, id=836, 784.9325pt x 163.61125pt>
File: ./ZimFiles_files/Research/Vision_Algorithm/camera_position_validation/pap
er1_arch_fromscratch.png Graphic file (type png)
<use ./ZimFiles_files/Research/Vision_Algorithm/camera_position_validation/pape
r1_arch_fromscratch.png>
Package pdftex.def Info: ./ZimFiles_files/Research/Vision_Algorithm/camera_posi
tion_validation/paper1_arch_fromscratch.png  used on input line 1169.
(pdftex.def)             Requested size: 784.93057pt x 163.61084pt.

Overfull \hbox (439.93057pt too wide) in paragraph at lines 1169--1170
[] 
 []

[20]
<./ZimFiles_files/Research/Vision_Algorithm/camera_position_validation/paper1_a
rch_transferlearning.png, id=848, 379.4175pt x 106.3975pt>
File: ./ZimFiles_files/Research/Vision_Algorithm/camera_position_validation/pap
er1_arch_transferlearning.png Graphic file (type png)
<use ./ZimFiles_files/Research/Vision_Algorithm/camera_position_validation/pape
r1_arch_transferlearning.png>
Package pdftex.def Info: ./ZimFiles_files/Research/Vision_Algorithm/camera_posi
tion_validation/paper1_arch_transferlearning.png  used on input line 1175.
(pdftex.def)             Requested size: 379.41656pt x 106.39723pt.

Overfull \hbox (34.41656pt too wide) in paragraph at lines 1175--1176
[] 
 []

[21 <./ZimFiles_files/Research/Vision_Algorithm/camera_position_validation/pape
r1_arch_fromscratch.png> <./ZimFiles_files/Research/Vision_Algorithm/camera_pos
ition_validation/paper1_arch_transferlearning.png>]
Overfull \hbox (0.41733pt too wide) in paragraph at lines 1253--1254
[]\OT1/cmr/m/n/10 Informatie omtrent stu-dent(en): naam, adres, tele-foon-nu-me
r, e-mail adres. 
 []

[22] (/usr/local/texlive/2020/texmf-dist/tex/latex/ucs/data/uni-32.def
File: uni-32.def 2013/05/13 UCS: Unicode data U+2000..U+20FF
)
[23] (/usr/local/texlive/2020/texmf-dist/tex/latex/ucs/data/uni-0.def
File: uni-0.def 2013/05/13 UCS: Unicode data U+0000..U+00FF
) [24]
Overfull \hbox (28.16708pt too wide) in paragraph at lines 1426--1427
[]\OT1/cmr/m/n/10 Hier was het zeer nut-tig om eens te zien hoe een sys-teem wo
rdt ge^^?^^Pmplementeerd
 []

[25]
Overfull \hbox (0.38945pt too wide) in paragraph at lines 1461--1462
[]\OT1/cmr/m/n/10 classificatie model met trans-fer learn-ing maken met Keras d
at de gegevens
 []

[26]
Overfull \hbox (4.5839pt too wide) in paragraph at lines 1494--1495
[]\OT1/cmr/m/n/10 Meeting met Dries Hu-lens waarin werd over-lopen hoe de op-st
elling zou gemaakt
 []

[27]
Overfull \hbox (1.80614pt too wide) in paragraph at lines 1549--1550
[]\OT1/cmr/m/n/10 opzoeken en doc-u-menteren of de plaat-jes rea-geren op een b
epaalde golflengte
 []

[28]
Overfull \hbox (0.11168pt too wide) in paragraph at lines 1552--1553
[]\OT1/cmr/m/n/10 Frees kan niet zelf nauwkeurig draaien, een mo-geli-jke oplos
s-ing is de voledige
 []

[29] [30]
Overfull \hbox (6.33405pt too wide) in paragraph at lines 1658--1659
[]\OT1/cmr/m/n/10 o []https://www.ni.com/en-gb/innovations/white-papers/12/a-pr
actical-guide-
 []

[31]
Overfull \hbox (29.77837pt too wide) in paragraph at lines 1769--1770
[][]\OT1/cmr/m/n/10 https://www.equipment-news.com/the-right-grade-creates-the-
right-tool-selecting-
 []

<./ZimFiles_files/Verslagen/Activiteiten_rapport/Activities/Masterproef_Tool_We
ar_Inspection_-_Meeting3_TJ/Types_sterkte_plaatjes.png, id=1011, 453.695pt x 10
7.40125pt>
File: ./ZimFiles_files/Verslagen/Activiteiten_rapport/Activities/Masterproef_To
ol_Wear_Inspection_-_Meeting3_TJ/Types_sterkte_plaatjes.png Graphic file (type 
png)
<use ./ZimFiles_files/Verslagen/Activiteiten_rapport/Activities/Masterproef_Too
l_Wear_Inspection_-_Meeting3_TJ/Types_sterkte_plaatjes.png>
Package pdftex.def Info: ./ZimFiles_files/Verslagen/Activiteiten_rapport/Activi
ties/Masterproef_Tool_Wear_Inspection_-_Meeting3_TJ/Types_sterkte_plaatjes.png 
 used on input line 1773.
(pdftex.def)             Requested size: 301.12537pt x 71.2849pt.
<./ZimFiles_files/Verslagen/Activiteiten_rapport/Activities/Masterproef_Tool_We
ar_Inspection_-_Meeting3_TJ/plaatjes_nummers.png, id=1012, 453.695pt x 399.4925
pt>
File: ./ZimFiles_files/Verslagen/Activiteiten_rapport/Activities/Masterproef_To
ol_Wear_Inspection_-_Meeting3_TJ/plaatjes_nummers.png Graphic file (type png)
<use ./ZimFiles_files/Verslagen/Activiteiten_rapport/Activities/Masterproef_Too
l_Wear_Inspection_-_Meeting3_TJ/plaatjes_nummers.png>
Package pdftex.def Info: ./ZimFiles_files/Verslagen/Activiteiten_rapport/Activi
ties/Masterproef_Tool_Wear_Inspection_-_Meeting3_TJ/plaatjes_nummers.png  used 
on input line 1775.
(pdftex.def)             Requested size: 301.12537pt x 265.15321pt.
[32 <./ZimFiles_files/Verslagen/Activiteiten_rapport/Activities/Masterproef_Too
l_Wear_Inspection_-_Meeting3_TJ/Types_sterkte_plaatjes.png>]
<./ZimFiles_files/Verslagen/Activiteiten_rapport/Activities/Masterproef_Tool_We
ar_Inspection_-_Meeting3_TJ/Screenshot 2020-11-20 at 15.20.56.png, id=1019, 368
.37625pt x 414.54875pt>
File: ./ZimFiles_files/Verslagen/Activiteiten_rapport/Activities/Masterproef_To
ol_Wear_Inspection_-_Meeting3_TJ/Screenshot 2020-11-20 at 15.20.56.png Graphic 
file (type png)
<use ./ZimFiles_files/Verslagen/Activiteiten_rapport/Activities/Masterproef_Too
l_Wear_Inspection_-_Meeting3_TJ/Screenshot 2020-11-20 at 15.20.56.png>
Package pdftex.def Info: ./ZimFiles_files/Verslagen/Activiteiten_rapport/Activi
ties/Masterproef_Tool_Wear_Inspection_-_Meeting3_TJ/Screenshot 2020-11-20 at 15
.20.56.png  used on input line 1813.
(pdftex.def)             Requested size: 301.12537pt x 338.86316pt.
 [33 <./ZimFiles_files/Verslagen/Activiteiten_rapport/Activities/Masterproef_To
ol_Wear_Inspection_-_Meeting3_TJ/plaatjes_nummers.png>] [34 <./ZimFiles_files/V
erslagen/Activiteiten_rapport/Activities/Masterproef_Tool_Wear_Inspection_-_Mee
ting3_TJ/Screenshot 2020-11-20 at 15.20.56.png>] [35] [36]
<./ZimFiles_files/Verslagen/Activiteiten_rapport/Activities/Masterproef_Tool_We
ar_Inspection_-_Update_2_DH/eerste-opstelling_donkere_achtergrond3.jpg, id=1038
, 1445.4pt x 813.0375pt>
File: ./ZimFiles_files/Verslagen/Activiteiten_rapport/Activities/Masterproef_To
ol_Wear_Inspection_-_Update_2_DH/eerste-opstelling_donkere_achtergrond3.jpg Gra
phic file (type jpg)
<use ./ZimFiles_files/Verslagen/Activiteiten_rapport/Activities/Masterproef_Too
l_Wear_Inspection_-_Update_2_DH/eerste-opstelling_donkere_achtergrond3.jpg>
Package pdftex.def Info: ./ZimFiles_files/Verslagen/Activiteiten_rapport/Activi
ties/Masterproef_Tool_Wear_Inspection_-_Update_2_DH/eerste-opstelling_donkere_a
chtergrond3.jpg  used on input line 1978.
(pdftex.def)             Requested size: 301.12537pt x 169.37825pt.
<./ZimFiles_files/Verslagen/Activiteiten_rapport/Activities/Masterproef_Tool_We
ar_Inspection_-_Update_2_DH/radhouder_horizontal.jpeg, id=1039, 4047.12pt x 303
5.34pt>
File: ./ZimFiles_files/Verslagen/Activiteiten_rapport/Activities/Masterproef_To
ol_Wear_Inspection_-_Update_2_DH/radhouder_horizontal.jpeg Graphic file (type j
pg)
<use ./ZimFiles_files/Verslagen/Activiteiten_rapport/Activities/Masterproef_Too
l_Wear_Inspection_-_Update_2_DH/radhouder_horizontal.jpeg>
Package pdftex.def Info: ./ZimFiles_files/Verslagen/Activiteiten_rapport/Activi
ties/Masterproef_Tool_Wear_Inspection_-_Update_2_DH/radhouder_horizontal.jpeg  
used on input line 1989.
(pdftex.def)             Requested size: 301.12537pt x 225.83437pt.
 [37 <./ZimFiles_files/Verslagen/Activiteiten_rapport/Activities/Masterproef_To
ol_Wear_Inspection_-_Update_2_DH/eerste-opstelling_donkere_achtergrond3.jpg>]
Overfull \hbox (32.87856pt too wide) in paragraph at lines 1999--2000
[]\OT1/cmr/m/n/10 De Zim be-standen staan pub-liek op github: []https://github.
com/dplars/TWI[]zim.git[] 
 []

[38 <./ZimFiles_files/Verslagen/Activiteiten_rapport/Activities/Masterproef_Too
l_Wear_Inspection_-_Update_2_DH/radhouder_horizontal.jpeg>]
Overfull \hbox (15.97281pt too wide) in paragraph at lines 2029--2030
[]\OT1/cmr/m/n/10 Hiervoor en voor de ver-schil-lende be-licht-ing-shoeken ge-b
ruik-maken van adresseer-
 []

[39]
<./ZimFiles_files/Verslagen/Activiteiten_rapport/Activities/Masterproef_Tool_We
ar_Inspection_-_Update_3_DH/rechts_kabels.jpeg, id=1055, 4047.12pt x 3035.34pt>

File: ./ZimFiles_files/Verslagen/Activiteiten_rapport/Activities/Masterproef_To
ol_Wear_Inspection_-_Update_3_DH/rechts_kabels.jpeg Graphic file (type jpg)
<use ./ZimFiles_files/Verslagen/Activiteiten_rapport/Activities/Masterproef_Too
l_Wear_Inspection_-_Update_3_DH/rechts_kabels.jpeg>
Package pdftex.def Info: ./ZimFiles_files/Verslagen/Activiteiten_rapport/Activi
ties/Masterproef_Tool_Wear_Inspection_-_Update_3_DH/rechts_kabels.jpeg  used on
 input line 2130.
(pdftex.def)             Requested size: 301.12537pt x 225.83437pt.
<./ZimFiles_files/Verslagen/Activiteiten_rapport/Activities/Masterproef_Tool_We
ar_Inspection_-_Update_3_DH/rechts.jpeg, id=1056, 4047.12pt x 3035.34pt>
File: ./ZimFiles_files/Verslagen/Activiteiten_rapport/Activities/Masterproef_To
ol_Wear_Inspection_-_Update_3_DH/rechts.jpeg Graphic file (type jpg)
<use ./ZimFiles_files/Verslagen/Activiteiten_rapport/Activities/Masterproef_Too
l_Wear_Inspection_-_Update_3_DH/rechts.jpeg>
Package pdftex.def Info: ./ZimFiles_files/Verslagen/Activiteiten_rapport/Activi
ties/Masterproef_Tool_Wear_Inspection_-_Update_3_DH/rechts.jpeg  used on input 
line 2130.
(pdftex.def)             Requested size: 301.12537pt x 225.83437pt.

Overfull \hbox (272.25073pt too wide) in paragraph at lines 2130--2131
[][][] 
 []

<./ZimFiles_files/Verslagen/Activiteiten_rapport/Activities/Masterproef_Tool_We
ar_Inspection_-_Update_3_DH/p4_l10.png, id=1057, 642.4pt x 481.8pt>
File: ./ZimFiles_files/Verslagen/Activiteiten_rapport/Activities/Masterproef_To
ol_Wear_Inspection_-_Update_3_DH/p4_l10.png Graphic file (type png)
<use ./ZimFiles_files/Verslagen/Activiteiten_rapport/Activities/Masterproef_Too
l_Wear_Inspection_-_Update_3_DH/p4_l10.png>
Package pdftex.def Info: ./ZimFiles_files/Verslagen/Activiteiten_rapport/Activi
ties/Masterproef_Tool_Wear_Inspection_-_Update_3_DH/p4_l10.png  used on input l
ine 2140.
(pdftex.def)             Requested size: 301.12537pt x 225.85054pt.
<./ZimFiles_files/Verslagen/Activiteiten_rapport/Activities/Masterproef_Tool_We
ar_Inspection_-_Update_3_DH/p4_l9.png, id=1058, 642.4pt x 481.8pt>
File: ./ZimFiles_files/Verslagen/Activiteiten_rapport/Activities/Masterproef_To
ol_Wear_Inspection_-_Update_3_DH/p4_l9.png Graphic file (type png)
<use ./ZimFiles_files/Verslagen/Activiteiten_rapport/Activities/Masterproef_Too
l_Wear_Inspection_-_Update_3_DH/p4_l9.png>
Package pdftex.def Info: ./ZimFiles_files/Verslagen/Activiteiten_rapport/Activi
ties/Masterproef_Tool_Wear_Inspection_-_Update_3_DH/p4_l9.png  used on input li
ne 2140.
(pdftex.def)             Requested size: 301.12537pt x 225.85054pt.
<./ZimFiles_files/Verslagen/Activiteiten_rapport/Activities/Masterproef_Tool_We
ar_Inspection_-_Update_3_DH/p4_l8.png, id=1059, 642.4pt x 481.8pt>
File: ./ZimFiles_files/Verslagen/Activiteiten_rapport/Activities/Masterproef_To
ol_Wear_Inspection_-_Update_3_DH/p4_l8.png Graphic file (type png)
<use ./ZimFiles_files/Verslagen/Activiteiten_rapport/Activities/Masterproef_Too
l_Wear_Inspection_-_Update_3_DH/p4_l8.png>
Package pdftex.def Info: ./ZimFiles_files/Verslagen/Activiteiten_rapport/Activi
ties/Masterproef_Tool_Wear_Inspection_-_Update_3_DH/p4_l8.png  used on input li
ne 2140.
(pdftex.def)             Requested size: 301.12537pt x 225.85054pt.
<./ZimFiles_files/Verslagen/Activiteiten_rapport/Activities/Masterproef_Tool_We
ar_Inspection_-_Update_3_DH/p4.png, id=1060, 642.4pt x 481.8pt>
File: ./ZimFiles_files/Verslagen/Activiteiten_rapport/Activities/Masterproef_To
ol_Wear_Inspection_-_Update_3_DH/p4.png Graphic file (type png)
<use ./ZimFiles_files/Verslagen/Activiteiten_rapport/Activities/Masterproef_Too
l_Wear_Inspection_-_Update_3_DH/p4.png>
Package pdftex.def Info: ./ZimFiles_files/Verslagen/Activiteiten_rapport/Activi
ties/Masterproef_Tool_Wear_Inspection_-_Update_3_DH/p4.png  used on input line 
2140.
(pdftex.def)             Requested size: 301.12537pt x 225.85054pt.

Overfull \hbox (874.50146pt too wide) in paragraph at lines 2140--2141
[][][][][] 
 []

[40 <./ZimFiles_files/Verslagen/Activiteiten_rapport/Activities/Masterproef_Too
l_Wear_Inspection_-_Update_3_DH/rechts_kabels.jpeg> <./ZimFiles_files/Verslagen
/Activiteiten_rapport/Activities/Masterproef_Tool_Wear_Inspection_-_Update_3_DH
/rechts.jpeg>] [41 <./ZimFiles_files/Verslagen/Activiteiten_rapport/Activities/
Masterproef_Tool_Wear_Inspection_-_Update_3_DH/p4_l10.png (PNG copy)> <./ZimFil
es_files/Verslagen/Activiteiten_rapport/Activities/Masterproef_Tool_Wear_Inspec
tion_-_Update_3_DH/p4_l9.png (PNG copy)> <./ZimFiles_files/Verslagen/Activiteit
en_rapport/Activities/Masterproef_Tool_Wear_Inspection_-_Update_3_DH/p4_l8.png 
(PNG copy)> <./ZimFiles_files/Verslagen/Activiteiten_rapport/Activities/Masterp
roef_Tool_Wear_Inspection_-_Update_3_DH/p4.png (PNG copy)>]
<./ZimFiles_files/Verslagen/Activiteiten_rapport/Activities/Masterproef_Tool_We
ar_Inspection_-_Update_3_DH/p3_l9.png, id=1069, 642.4pt x 481.8pt>
File: ./ZimFiles_files/Verslagen/Activiteiten_rapport/Activities/Masterproef_To
ol_Wear_Inspection_-_Update_3_DH/p3_l9.png Graphic file (type png)
<use ./ZimFiles_files/Verslagen/Activiteiten_rapport/Activities/Masterproef_Too
l_Wear_Inspection_-_Update_3_DH/p3_l9.png>
Package pdftex.def Info: ./ZimFiles_files/Verslagen/Activiteiten_rapport/Activi
ties/Masterproef_Tool_Wear_Inspection_-_Update_3_DH/p3_l9.png  used on input li
ne 2208.
(pdftex.def)             Requested size: 301.12537pt x 225.85054pt.
File: ./ZimFiles_files/Verslagen/Activiteiten_rapport/Activities/Masterproef_To
ol_Wear_Inspection_-_Update_3_DH/p4_l9.png Graphic file (type png)
<use ./ZimFiles_files/Verslagen/Activiteiten_rapport/Activities/Masterproef_Too
l_Wear_Inspection_-_Update_3_DH/p4_l9.png>
Package pdftex.def Info: ./ZimFiles_files/Verslagen/Activiteiten_rapport/Activi
ties/Masterproef_Tool_Wear_Inspection_-_Update_3_DH/p4_l9.png  used on input li
ne 2208.
(pdftex.def)             Requested size: 301.12537pt x 225.85054pt.

Overfull \hbox (272.25073pt too wide) in paragraph at lines 2208--2209
[][][] 
 []

[42 <./ZimFiles_files/Verslagen/Activiteiten_rapport/Activities/Masterproef_Too
l_Wear_Inspection_-_Update_3_DH/p3_l9.png (PNG copy)>] [43]
<./ZimFiles_files/Verslagen/Activiteiten_rapport/Activities/Masterproef_Tool_We
ar_Inspection_-_Update_3_TJ/eerste-opstelling_donkere_achtergrond3.jpg, id=1079
, 1445.4pt x 813.0375pt>
File: ./ZimFiles_files/Verslagen/Activiteiten_rapport/Activities/Masterproef_To
ol_Wear_Inspection_-_Update_3_TJ/eerste-opstelling_donkere_achtergrond3.jpg Gra
phic file (type jpg)
<use ./ZimFiles_files/Verslagen/Activiteiten_rapport/Activities/Masterproef_Too
l_Wear_Inspection_-_Update_3_TJ/eerste-opstelling_donkere_achtergrond3.jpg>
Package pdftex.def Info: ./ZimFiles_files/Verslagen/Activiteiten_rapport/Activi
ties/Masterproef_Tool_Wear_Inspection_-_Update_3_TJ/eerste-opstelling_donkere_a
chtergrond3.jpg  used on input line 2281.
(pdftex.def)             Requested size: 301.12537pt x 169.37825pt.
<./ZimFiles_files/Verslagen/Activiteiten_rapport/Activities/Masterproef_Tool_We
ar_Inspection_-_Update_3_TJ/eerste_setup_andere_richting_beeld2_screen image.jp
eg, id=1080, 2212.265pt x 1187.43625pt>
File: ./ZimFiles_files/Verslagen/Activiteiten_rapport/Activities/Masterproef_To
ol_Wear_Inspection_-_Update_3_TJ/eerste_setup_andere_richting_beeld2_screen ima
ge.jpeg Graphic file (type jpg)
<use ./ZimFiles_files/Verslagen/Activiteiten_rapport/Activities/Masterproef_Too
l_Wear_Inspection_-_Update_3_TJ/eerste_setup_andere_richting_beeld2_screen imag
e.jpeg>
Package pdftex.def Info: ./ZimFiles_files/Verslagen/Activiteiten_rapport/Activi
ties/Masterproef_Tool_Wear_Inspection_-_Update_3_TJ/eerste_setup_andere_richtin
g_beeld2_screen image.jpeg  used on input line 2281.
(pdftex.def)             Requested size: 301.12537pt x 161.61964pt.

Overfull \hbox (272.25073pt too wide) in paragraph at lines 2281--2282
[][][] 
 []

[44 <./ZimFiles_files/Verslagen/Activiteiten_rapport/Activities/Masterproef_Too
l_Wear_Inspection_-_Update_3_TJ/eerste-opstelling_donkere_achtergrond3.jpg> <./
ZimFiles_files/Verslagen/Activiteiten_rapport/Activities/Masterproef_Tool_Wear_
Inspection_-_Update_3_TJ/eerste_setup_andere_richting_beeld2_screen image.jpeg>
]
<./ZimFiles_files/Verslagen/Activiteiten_rapport/Activities/Masterproef_Tool_We
ar_Inspection_-_Update_4_DH/voorbeelden van clips op 1cm mat.jpeg, id=1085, 404
7.12pt x 3035.34pt>
File: ./ZimFiles_files/Verslagen/Activiteiten_rapport/Activities/Masterproef_To
ol_Wear_Inspection_-_Update_4_DH/voorbeelden van clips op 1cm mat.jpeg Graphic 
file (type jpg)
<use ./ZimFiles_files/Verslagen/Activiteiten_rapport/Activities/Masterproef_Too
l_Wear_Inspection_-_Update_4_DH/voorbeelden van clips op 1cm mat.jpeg>
Package pdftex.def Info: ./ZimFiles_files/Verslagen/Activiteiten_rapport/Activi
ties/Masterproef_Tool_Wear_Inspection_-_Update_4_DH/voorbeelden van clips op 1c
m mat.jpeg  used on input line 2340.
(pdftex.def)             Requested size: 301.12537pt x 225.83437pt.
 [45 <./ZimFiles_files/Verslagen/Activiteiten_rapport/Activities/Masterproef_To
ol_Wear_Inspection_-_Update_4_DH/voorbeelden van clips op 1cm mat.jpeg>]
[46]
<./ZimFiles_files/Verslagen/Activiteiten_rapport/Activities/Masterproef_Tool_We
ar_Inspection_-_Update_4_TG/plaatje_1cm.jpeg, id=1094, 4047.12pt x 3035.34pt>
File: ./ZimFiles_files/Verslagen/Activiteiten_rapport/Activities/Masterproef_To
ol_Wear_Inspection_-_Update_4_TG/plaatje_1cm.jpeg Graphic file (type jpg)
<use ./ZimFiles_files/Verslagen/Activiteiten_rapport/Activities/Masterproef_Too
l_Wear_Inspection_-_Update_4_TG/plaatje_1cm.jpeg>
Package pdftex.def Info: ./ZimFiles_files/Verslagen/Activiteiten_rapport/Activi
ties/Masterproef_Tool_Wear_Inspection_-_Update_4_TG/plaatje_1cm.jpeg  used on i
nput line 2423.
(pdftex.def)             Requested size: 301.12537pt x 225.83437pt.
<./ZimFiles_files/Verslagen/Activiteiten_rapport/Activities/Masterproef_Tool_We
ar_Inspection_-_Update_4_TG/rechts_licht.jpeg, id=1095, 4047.12pt x 3035.34pt>
File: ./ZimFiles_files/Verslagen/Activiteiten_rapport/Activities/Masterproef_To
ol_Wear_Inspection_-_Update_4_TG/rechts_licht.jpeg Graphic file (type jpg)
<use ./ZimFiles_files/Verslagen/Activiteiten_rapport/Activities/Masterproef_Too
l_Wear_Inspection_-_Update_4_TG/rechts_licht.jpeg>
Package pdftex.def Info: ./ZimFiles_files/Verslagen/Activiteiten_rapport/Activi
ties/Masterproef_Tool_Wear_Inspection_-_Update_4_TG/rechts_licht.jpeg  used on 
input line 2441.
(pdftex.def)             Requested size: 301.12537pt x 225.83437pt.
<./ZimFiles_files/Verslagen/Activiteiten_rapport/Activities/Masterproef_Tool_We
ar_Inspection_-_Update_4_TG/achter_licht.jpeg, id=1096, 4047.12pt x 3035.34pt>
File: ./ZimFiles_files/Verslagen/Activiteiten_rapport/Activities/Masterproef_To
ol_Wear_Inspection_-_Update_4_TG/achter_licht.jpeg Graphic file (type jpg)
<use ./ZimFiles_files/Verslagen/Activiteiten_rapport/Activities/Masterproef_Too
l_Wear_Inspection_-_Update_4_TG/achter_licht.jpeg>
Package pdftex.def Info: ./ZimFiles_files/Verslagen/Activiteiten_rapport/Activi
ties/Masterproef_Tool_Wear_Inspection_-_Update_4_TG/achter_licht.jpeg  used on 
input line 2441.
(pdftex.def)             Requested size: 301.12537pt x 225.83437pt.

Overfull \hbox (272.25073pt too wide) in paragraph at lines 2441--2442
[][][] 
 []

[47 <./ZimFiles_files/Verslagen/Activiteiten_rapport/Activities/Masterproef_Too
l_Wear_Inspection_-_Update_4_TG/plaatje_1cm.jpeg>]
<./ZimFiles_files/Verslagen/Activiteiten_rapport/Activities/Masterproef_Tool_We
ar_Inspection_-_Update_4_TG/p4_l9.png, id=1101, 642.4pt x 481.8pt>
File: ./ZimFiles_files/Verslagen/Activiteiten_rapport/Activities/Masterproef_To
ol_Wear_Inspection_-_Update_4_TG/p4_l9.png Graphic file (type png)
<use ./ZimFiles_files/Verslagen/Activiteiten_rapport/Activities/Masterproef_Too
l_Wear_Inspection_-_Update_4_TG/p4_l9.png>
Package pdftex.def Info: ./ZimFiles_files/Verslagen/Activiteiten_rapport/Activi
ties/Masterproef_Tool_Wear_Inspection_-_Update_4_TG/p4_l9.png  used on input li
ne 2445.
(pdftex.def)             Requested size: 301.12537pt x 225.85054pt.
<./ZimFiles_files/Verslagen/Activiteiten_rapport/Activities/Masterproef_Tool_We
ar_Inspection_-_Update_4_TG/p4.png, id=1102, 642.4pt x 481.8pt>
File: ./ZimFiles_files/Verslagen/Activiteiten_rapport/Activities/Masterproef_To
ol_Wear_Inspection_-_Update_4_TG/p4.png Graphic file (type png)
<use ./ZimFiles_files/Verslagen/Activiteiten_rapport/Activities/Masterproef_Too
l_Wear_Inspection_-_Update_4_TG/p4.png>
Package pdftex.def Info: ./ZimFiles_files/Verslagen/Activiteiten_rapport/Activi
ties/Masterproef_Tool_Wear_Inspection_-_Update_4_TG/p4.png  used on input line 
2445.
(pdftex.def)             Requested size: 301.12537pt x 225.85054pt.

Overfull \hbox (272.25073pt too wide) in paragraph at lines 2445--2446
[][][] 
 []

[48 <./ZimFiles_files/Verslagen/Activiteiten_rapport/Activities/Masterproef_Too
l_Wear_Inspection_-_Update_4_TG/rechts_licht.jpeg> <./ZimFiles_files/Verslagen/
Activiteiten_rapport/Activities/Masterproef_Tool_Wear_Inspection_-_Update_4_TG/
achter_licht.jpeg> <./ZimFiles_files/Verslagen/Activiteiten_rapport/Activities/
Masterproef_Tool_Wear_Inspection_-_Update_4_TG/p4_l9.png (PNG copy)> <./ZimFile
s_files/Verslagen/Activiteiten_rapport/Activities/Masterproef_Tool_Wear_Inspect
ion_-_Update_4_TG/p4.png (PNG copy)>] [49] [50]
Overfull \hbox (28.16708pt too wide) in paragraph at lines 2608--2609
[]\OT1/cmr/m/n/10 Hier was het zeer nut-tig om eens te zien hoe een sys-teem wo
rdt ge^^?^^Pmplementeerd
 []

[51]
Overfull \hbox (0.38945pt too wide) in paragraph at lines 2643--2644
[]\OT1/cmr/m/n/10 classificatie model met trans-fer learn-ing maken met Keras d
at de gegevens
 []

[52]
Overfull \hbox (4.5839pt too wide) in paragraph at lines 2676--2677
[]\OT1/cmr/m/n/10 Meeting met Dries Hu-lens waarin werd over-lopen hoe de op-st
elling zou gemaakt
 []

[53]
Overfull \hbox (1.80614pt too wide) in paragraph at lines 2731--2732
[]\OT1/cmr/m/n/10 opzoeken en doc-u-menteren of de plaat-jes rea-geren op een b
epaalde golflengte
 []


Overfull \hbox (0.11168pt too wide) in paragraph at lines 2734--2735
[]\OT1/cmr/m/n/10 Frees kan niet zelf nauwkeurig draaien, een mo-geli-jke oplos
s-ing is de voledige
 []

[54]
Overfull \hbox (12.43118pt too wide) in paragraph at lines 2775--2776
[]\OT1/cmr/m/n/10 Alle be-standen die tot hi-er-toe gemaakt zijn re-or-gan-is-e
ren en op-slaan in GITHUB. 
 []

[55] [56] [57] [58]
Overfull \hbox (5.22278pt too wide) in paragraph at lines 2973--2974
[]\OT1/cmr/m/n/10 second wheel holder Cam-era setup:Tool Holder:Wheel Holder:Se
cond Wheel
 []

[59] [60] [61]
<./ZimFiles_files/Vision/Dataset/automated_datasets/1_check_camera_position/1_c
amera_position_side/achter2.jpeg, id=1306, 4047.12pt x 3035.34pt>
File: ./ZimFiles_files/Vision/Dataset/automated_datasets/1_check_camera_positio
n/1_camera_position_side/achter2.jpeg Graphic file (type jpg)
<use ./ZimFiles_files/Vision/Dataset/automated_datasets/1_check_camera_position
/1_camera_position_side/achter2.jpeg>
Package pdftex.def Info: ./ZimFiles_files/Vision/Dataset/automated_datasets/1_c
heck_camera_position/1_camera_position_side/achter2.jpeg  used on input line 31
30.
(pdftex.def)             Requested size: 301.12537pt x 225.83437pt.
 [62]
<./ZimFiles_files/Vision/Dataset/automated_datasets/1_check_camera_position/1_c
amera_position_side/p3_l6_black.png, id=1312, 642.4pt x 481.8pt>
File: ./ZimFiles_files/Vision/Dataset/automated_datasets/1_check_camera_positio
n/1_camera_position_side/p3_l6_black.png Graphic file (type png)
<use ./ZimFiles_files/Vision/Dataset/automated_datasets/1_check_camera_position
/1_camera_position_side/p3_l6_black.png>
Package pdftex.def Info: ./ZimFiles_files/Vision/Dataset/automated_datasets/1_c
heck_camera_position/1_camera_position_side/p3_l6_black.png  used on input line
 3140.
(pdftex.def)             Requested size: 301.12537pt x 225.85054pt.
 [63 <./ZimFiles_files/Vision/Dataset/automated_datasets/1_check_camera_positio
n/1_camera_position_side/achter2.jpeg> <./ZimFiles_files/Vision/Dataset/automat
ed_datasets/1_check_camera_position/1_camera_position_side/p3_l6_black.png (PNG
 copy)>]
<./ZimFiles_files/Vision/Dataset/automated_datasets/1_check_camera_position/1_c
amera_position_side/p3_l8.png, id=1317, 642.4pt x 481.8pt>
File: ./ZimFiles_files/Vision/Dataset/automated_datasets/1_check_camera_positio
n/1_camera_position_side/p3_l8.png Graphic file (type png)
<use ./ZimFiles_files/Vision/Dataset/automated_datasets/1_check_camera_position
/1_camera_position_side/p3_l8.png>
Package pdftex.def Info: ./ZimFiles_files/Vision/Dataset/automated_datasets/1_c
heck_camera_position/1_camera_position_side/p3_l8.png  used on input line 3158.

(pdftex.def)             Requested size: 225.84375pt x 169.38239pt.
<./ZimFiles_files/Vision/Dataset/automated_datasets/1_check_camera_position/1_c
amera_position_side/p3_l9.png, id=1318, 642.4pt x 481.8pt>
File: ./ZimFiles_files/Vision/Dataset/automated_datasets/1_check_camera_positio
n/1_camera_position_side/p3_l9.png Graphic file (type png)
<use ./ZimFiles_files/Vision/Dataset/automated_datasets/1_check_camera_position
/1_camera_position_side/p3_l9.png>
Package pdftex.def Info: ./ZimFiles_files/Vision/Dataset/automated_datasets/1_c
heck_camera_position/1_camera_position_side/p3_l9.png  used on input line 3158.

(pdftex.def)             Requested size: 225.84375pt x 169.38239pt.
<./ZimFiles_files/Vision/Dataset/automated_datasets/1_check_camera_position/1_c
amera_position_side/p3_l10.png, id=1319, 642.4pt x 481.8pt>
File: ./ZimFiles_files/Vision/Dataset/automated_datasets/1_check_camera_positio
n/1_camera_position_side/p3_l10.png Graphic file (type png)
<use ./ZimFiles_files/Vision/Dataset/automated_datasets/1_check_camera_position
/1_camera_position_side/p3_l10.png>
Package pdftex.def Info: ./ZimFiles_files/Vision/Dataset/automated_datasets/1_c
heck_camera_position/1_camera_position_side/p3_l10.png  used on input line 3158
.
(pdftex.def)             Requested size: 225.84375pt x 169.38239pt.

Overfull \hbox (347.53125pt too wide) in paragraph at lines 3158--3159
[][][][] 
 []

[64 <./ZimFiles_files/Vision/Dataset/automated_datasets/1_check_camera_position
/1_camera_position_side/p3_l8.png (PNG copy)> <./ZimFiles_files/Vision/Dataset/
automated_datasets/1_check_camera_position/1_camera_position_side/p3_l9.png (PN
G copy)> <./ZimFiles_files/Vision/Dataset/automated_datasets/1_check_camera_pos
ition/1_camera_position_side/p3_l10.png (PNG copy)>]
<./ZimFiles_files/Vision/Dataset/automated_datasets/1_check_camera_position/2_c
amera_position_top/p3_l5.png, id=1324, 642.4pt x 481.8pt>
File: ./ZimFiles_files/Vision/Dataset/automated_datasets/1_check_camera_positio
n/2_camera_position_top/p3_l5.png Graphic file (type png)
<use ./ZimFiles_files/Vision/Dataset/automated_datasets/1_check_camera_position
/2_camera_position_top/p3_l5.png>
Package pdftex.def Info: ./ZimFiles_files/Vision/Dataset/automated_datasets/1_c
heck_camera_position/2_camera_position_top/p3_l5.png  used on input line 3195.
(pdftex.def)             Requested size: 225.84375pt x 169.38239pt.
<./ZimFiles_files/Vision/Dataset/automated_datasets/1_check_camera_position/2_c
amera_position_top/p3_l6.png, id=1325, 642.4pt x 481.8pt>
File: ./ZimFiles_files/Vision/Dataset/automated_datasets/1_check_camera_positio
n/2_camera_position_top/p3_l6.png Graphic file (type png)
<use ./ZimFiles_files/Vision/Dataset/automated_datasets/1_check_camera_position
/2_camera_position_top/p3_l6.png>
Package pdftex.def Info: ./ZimFiles_files/Vision/Dataset/automated_datasets/1_c
heck_camera_position/2_camera_position_top/p3_l6.png  used on input line 3195.
(pdftex.def)             Requested size: 225.84375pt x 169.38239pt.
<./ZimFiles_files/Vision/Dataset/automated_datasets/1_check_camera_position/2_c
amera_position_top/p3_l7.png, id=1326, 642.4pt x 481.8pt>
File: ./ZimFiles_files/Vision/Dataset/automated_datasets/1_check_camera_positio
n/2_camera_position_top/p3_l7.png Graphic file (type png)
<use ./ZimFiles_files/Vision/Dataset/automated_datasets/1_check_camera_position
/2_camera_position_top/p3_l7.png>
Package pdftex.def Info: ./ZimFiles_files/Vision/Dataset/automated_datasets/1_c
heck_camera_position/2_camera_position_top/p3_l7.png  used on input line 3195.
(pdftex.def)             Requested size: 225.84375pt x 169.38239pt.

Overfull \hbox (347.53125pt too wide) in paragraph at lines 3195--3196
[][][][] 
 []

[65 <./ZimFiles_files/Vision/Dataset/automated_datasets/1_check_camera_position
/2_camera_position_top/p3_l5.png (PNG copy)> <./ZimFiles_files/Vision/Dataset/a
utomated_datasets/1_check_camera_position/2_camera_position_top/p3_l6.png (PNG 
copy)> <./ZimFiles_files/Vision/Dataset/automated_datasets/1_check_camera_posit
ion/2_camera_position_top/p3_l7.png (PNG copy)>]
<./ZimFiles_files/Vision/Dataset/automated_datasets/2_created_datasets/1_Birthd
ay_dataset/b_003_p_010_l_000_nb.png, id=1331, 642.4pt x 481.8pt>
File: ./ZimFiles_files/Vision/Dataset/automated_datasets/2_created_datasets/1_B
irthday_dataset/b_003_p_010_l_000_nb.png Graphic file (type png)
<use ./ZimFiles_files/Vision/Dataset/automated_datasets/2_created_datasets/1_Bi
rthday_dataset/b_003_p_010_l_000_nb.png>
Package pdftex.def Info: ./ZimFiles_files/Vision/Dataset/automated_datasets/2_c
reated_datasets/1_Birthday_dataset/b_003_p_010_l_000_nb.png  used on input line
 3259.
(pdftex.def)             Requested size: 301.12537pt x 225.85054pt.
<./ZimFiles_files/Vision/Dataset/automated_datasets/2_created_datasets/1_Birthd
ay_dataset/b_003_p_010_l_000_b.png, id=1332, 642.4pt x 481.8pt>
File: ./ZimFiles_files/Vision/Dataset/automated_datasets/2_created_datasets/1_B
irthday_dataset/b_003_p_010_l_000_b.png Graphic file (type png)
<use ./ZimFiles_files/Vision/Dataset/automated_datasets/2_created_datasets/1_Bi
rthday_dataset/b_003_p_010_l_000_b.png>
Package pdftex.def Info: ./ZimFiles_files/Vision/Dataset/automated_datasets/2_c
reated_datasets/1_Birthday_dataset/b_003_p_010_l_000_b.png  used on input line 
3263.
(pdftex.def)             Requested size: 301.12537pt x 225.85054pt.
 [66 <./ZimFiles_files/Vision/Dataset/automated_datasets/2_created_datasets/1_B
irthday_dataset/b_003_p_010_l_000_nb.png (PNG copy)>]
<./ZimFiles_files/Vision/Dataset/automated_datasets/2_created_datasets/1_Birthd
ay_dataset/IMG_9282.jpeg, id=1337, 4047.12pt x 3035.34pt>
File: ./ZimFiles_files/Vision/Dataset/automated_datasets/2_created_datasets/1_B
irthday_dataset/IMG_9282.jpeg Graphic file (type jpg)
<use ./ZimFiles_files/Vision/Dataset/automated_datasets/2_created_datasets/1_Bi
rthday_dataset/IMG_9282.jpeg>
Package pdftex.def Info: ./ZimFiles_files/Vision/Dataset/automated_datasets/2_c
reated_datasets/1_Birthday_dataset/IMG_9282.jpeg  used on input line 3269.
(pdftex.def)             Requested size: 301.12537pt x 225.83437pt.
 [67 <./ZimFiles_files/Vision/Dataset/automated_datasets/2_created_datasets/1_B
irthday_dataset/b_003_p_010_l_000_b.png (PNG copy)> <./ZimFiles_files/Vision/Da
taset/automated_datasets/2_created_datasets/1_Birthday_dataset/IMG_9282.jpeg>]
<./ZimFiles_files/Vision/Dataset/automated_datasets/2_created_datasets/1_Birthd
ay_dataset/b_003_p_005_b_l_006_blue_A.png, id=1343, 642.4pt x 481.8pt>
File: ./ZimFiles_files/Vision/Dataset/automated_datasets/2_created_datasets/1_B
irthday_dataset/b_003_p_005_b_l_006_blue_A.png Graphic file (type png)
<use ./ZimFiles_files/Vision/Dataset/automated_datasets/2_created_datasets/1_Bi
rthday_dataset/b_003_p_005_b_l_006_blue_A.png>
Package pdftex.def Info: ./ZimFiles_files/Vision/Dataset/automated_datasets/2_c
reated_datasets/1_Birthday_dataset/b_003_p_005_b_l_006_blue_A.png  used on inpu
t line 3287.
(pdftex.def)             Requested size: 225.84375pt x 169.38239pt.
<./ZimFiles_files/Vision/Dataset/automated_datasets/2_created_datasets/1_Birthd
ay_dataset/b_003_p_005_b_l_006_red_A.png, id=1344, 642.4pt x 481.8pt>
File: ./ZimFiles_files/Vision/Dataset/automated_datasets/2_created_datasets/1_B
irthday_dataset/b_003_p_005_b_l_006_red_A.png Graphic file (type png)
<use ./ZimFiles_files/Vision/Dataset/automated_datasets/2_created_datasets/1_Bi
rthday_dataset/b_003_p_005_b_l_006_red_A.png>
Package pdftex.def Info: ./ZimFiles_files/Vision/Dataset/automated_datasets/2_c
reated_datasets/1_Birthday_dataset/b_003_p_005_b_l_006_red_A.png  used on input
 line 3287.
(pdftex.def)             Requested size: 225.84375pt x 169.38239pt.
<./ZimFiles_files/Vision/Dataset/automated_datasets/2_created_datasets/1_Birthd
ay_dataset/b_003_p_005_b_l_006_red_B.png, id=1345, 642.4pt x 481.8pt>
File: ./ZimFiles_files/Vision/Dataset/automated_datasets/2_created_datasets/1_B
irthday_dataset/b_003_p_005_b_l_006_red_B.png Graphic file (type png)
<use ./ZimFiles_files/Vision/Dataset/automated_datasets/2_created_datasets/1_Bi
rthday_dataset/b_003_p_005_b_l_006_red_B.png>
Package pdftex.def Info: ./ZimFiles_files/Vision/Dataset/automated_datasets/2_c
reated_datasets/1_Birthday_dataset/b_003_p_005_b_l_006_red_B.png  used on input
 line 3287.
(pdftex.def)             Requested size: 225.84375pt x 169.38239pt.
<./ZimFiles_files/Vision/Dataset/automated_datasets/2_created_datasets/1_Birthd
ay_dataset/b_003_p_005_b_l_006_green_A.png, id=1346, 642.4pt x 481.8pt>
File: ./ZimFiles_files/Vision/Dataset/automated_datasets/2_created_datasets/1_B
irthday_dataset/b_003_p_005_b_l_006_green_A.png Graphic file (type png)
<use ./ZimFiles_files/Vision/Dataset/automated_datasets/2_created_datasets/1_Bi
rthday_dataset/b_003_p_005_b_l_006_green_A.png>
Package pdftex.def Info: ./ZimFiles_files/Vision/Dataset/automated_datasets/2_c
reated_datasets/1_Birthday_dataset/b_003_p_005_b_l_006_green_A.png  used on inp
ut line 3287.
(pdftex.def)             Requested size: 225.84375pt x 169.38239pt.
<./ZimFiles_files/Vision/Dataset/automated_datasets/2_created_datasets/1_Birthd
ay_dataset/b_003_p_005_b_l_006_green_B.png, id=1347, 642.4pt x 481.8pt>
File: ./ZimFiles_files/Vision/Dataset/automated_datasets/2_created_datasets/1_B
irthday_dataset/b_003_p_005_b_l_006_green_B.png Graphic file (type png)
<use ./ZimFiles_files/Vision/Dataset/automated_datasets/2_created_datasets/1_Bi
rthday_dataset/b_003_p_005_b_l_006_green_B.png>
Package pdftex.def Info: ./ZimFiles_files/Vision/Dataset/automated_datasets/2_c
reated_datasets/1_Birthday_dataset/b_003_p_005_b_l_006_green_B.png  used on inp
ut line 3287.
(pdftex.def)             Requested size: 225.84375pt x 169.38239pt.
<./ZimFiles_files/Vision/Dataset/automated_datasets/2_created_datasets/1_Birthd
ay_dataset/b_003_p_005_b_l_006_blue_B.png, id=1348, 642.4pt x 481.8pt>
File: ./ZimFiles_files/Vision/Dataset/automated_datasets/2_created_datasets/1_B
irthday_dataset/b_003_p_005_b_l_006_blue_B.png Graphic file (type png)
<use ./ZimFiles_files/Vision/Dataset/automated_datasets/2_created_datasets/1_Bi
rthday_dataset/b_003_p_005_b_l_006_blue_B.png>
Package pdftex.def Info: ./ZimFiles_files/Vision/Dataset/automated_datasets/2_c
reated_datasets/1_Birthday_dataset/b_003_p_005_b_l_006_blue_B.png  used on inpu
t line 3287.
(pdftex.def)             Requested size: 225.84375pt x 169.38239pt.
<./ZimFiles_files/Vision/Dataset/automated_datasets/2_created_datasets/1_Birthd
ay_dataset/b_003_p_005_b_l_006_white_B.png, id=1349, 642.4pt x 481.8pt>
File: ./ZimFiles_files/Vision/Dataset/automated_datasets/2_created_datasets/1_B
irthday_dataset/b_003_p_005_b_l_006_white_B.png Graphic file (type png)
<use ./ZimFiles_files/Vision/Dataset/automated_datasets/2_created_datasets/1_Bi
rthday_dataset/b_003_p_005_b_l_006_white_B.png>
Package pdftex.def Info: ./ZimFiles_files/Vision/Dataset/automated_datasets/2_c
reated_datasets/1_Birthday_dataset/b_003_p_005_b_l_006_white_B.png  used on inp
ut line 3287.
(pdftex.def)             Requested size: 225.84375pt x 169.38239pt.
<./ZimFiles_files/Vision/Dataset/automated_datasets/2_created_datasets/1_Birthd
ay_dataset/b_003_p_005_b_l_006_white_A.png, id=1350, 642.4pt x 481.8pt>
File: ./ZimFiles_files/Vision/Dataset/automated_datasets/2_created_datasets/1_B
irthday_dataset/b_003_p_005_b_l_006_white_A.png Graphic file (type png)
<use ./ZimFiles_files/Vision/Dataset/automated_datasets/2_created_datasets/1_Bi
rthday_dataset/b_003_p_005_b_l_006_white_A.png>
Package pdftex.def Info: ./ZimFiles_files/Vision/Dataset/automated_datasets/2_c
reated_datasets/1_Birthday_dataset/b_003_p_005_b_l_006_white_A.png  used on inp
ut line 3287.
(pdftex.def)             Requested size: 225.84375pt x 169.38239pt.
<./ZimFiles_files/Vision/Dataset/automated_datasets/2_created_datasets/1_Birthd
ay_dataset/b_003_p_005_l_000_b.png, id=1351, 642.4pt x 481.8pt>
File: ./ZimFiles_files/Vision/Dataset/automated_datasets/2_created_datasets/1_B
irthday_dataset/b_003_p_005_l_000_b.png Graphic file (type png)
<use ./ZimFiles_files/Vision/Dataset/automated_datasets/2_created_datasets/1_Bi
rthday_dataset/b_003_p_005_l_000_b.png>
Package pdftex.def Info: ./ZimFiles_files/Vision/Dataset/automated_datasets/2_c
reated_datasets/1_Birthday_dataset/b_003_p_005_l_000_b.png  used on input line 
3287.
(pdftex.def)             Requested size: 225.84375pt x 169.38239pt.

Overfull \hbox (1702.59375pt too wide) in paragraph at lines 3287--3288
[][][][][][][][][][] 
 []

[68 <./ZimFiles_files/Vision/Dataset/automated_datasets/2_created_datasets/1_Bi
rthday_dataset/b_003_p_005_b_l_006_blue_A.png (PNG copy)> <./ZimFiles_files/Vis
ion/Dataset/automated_datasets/2_created_datasets/1_Birthday_dataset/b_003_p_00
5_b_l_006_red_A.png (PNG copy)> <./ZimFiles_files/Vision/Dataset/automated_data
sets/2_created_datasets/1_Birthday_dataset/b_003_p_005_b_l_006_red_B.png (PNG c
opy)> <./ZimFiles_files/Vision/Dataset/automated_datasets/2_created_datasets/1_
Birthday_dataset/b_003_p_005_b_l_006_green_A.png (PNG copy)> <./ZimFiles_files/
Vision/Dataset/automated_datasets/2_created_datasets/1_Birthday_dataset/b_003_p
_005_b_l_006_green_B.png (PNG copy)> <./ZimFiles_files/Vision/Dataset/automated
_datasets/2_created_datasets/1_Birthday_dataset/b_003_p_005_b_l_006_blue_B.png 
(PNG copy)> <./ZimFiles_files/Vision/Dataset/automated_datasets/2_created_datas
ets/1_Birthday_dataset/b_003_p_005_b_l_006_white_B.png (PNG copy)> <./ZimFiles_
files/Vision/Dataset/automated_datasets/2_created_datasets/1_Birthday_dataset/b
_003_p_005_b_l_006_white_A.png (PNG copy)> <./ZimFiles_files/Vision/Dataset/aut
omated_datasets/2_created_datasets/1_Birthday_dataset/b_003_p_005_l_000_b.png (
PNG copy)>] [69]
<./ZimFiles_files/Vision/Dataset/automated_datasets/2_created_datasets/2_Spaghe
tti_dataset/IMG_9295.jpeg, id=1360, 4047.12pt x 3035.34pt>
File: ./ZimFiles_files/Vision/Dataset/automated_datasets/2_created_datasets/2_S
paghetti_dataset/IMG_9295.jpeg Graphic file (type jpg)
<use ./ZimFiles_files/Vision/Dataset/automated_datasets/2_created_datasets/2_Sp
aghetti_dataset/IMG_9295.jpeg>
Package pdftex.def Info: ./ZimFiles_files/Vision/Dataset/automated_datasets/2_c
reated_datasets/2_Spaghetti_dataset/IMG_9295.jpeg  used on input line 3438.
(pdftex.def)             Requested size: 301.12537pt x 225.83437pt.
 [70]
<./ZimFiles_files/Vision/Dataset/automated_datasets/2_created_datasets/2_Spaghe
tti_dataset/IMG_9296.jpeg, id=1366, 4047.12pt x 3035.34pt>
File: ./ZimFiles_files/Vision/Dataset/automated_datasets/2_created_datasets/2_S
paghetti_dataset/IMG_9296.jpeg Graphic file (type jpg)
<use ./ZimFiles_files/Vision/Dataset/automated_datasets/2_created_datasets/2_Sp
aghetti_dataset/IMG_9296.jpeg>
Package pdftex.def Info: ./ZimFiles_files/Vision/Dataset/automated_datasets/2_c
reated_datasets/2_Spaghetti_dataset/IMG_9296.jpeg  used on input line 3444.
(pdftex.def)             Requested size: 301.12537pt x 225.83437pt.
 [71 <./ZimFiles_files/Vision/Dataset/automated_datasets/2_created_datasets/2_S
paghetti_dataset/IMG_9295.jpeg> <./ZimFiles_files/Vision/Dataset/automated_data
sets/2_created_datasets/2_Spaghetti_dataset/IMG_9296.jpeg>]
<./ZimFiles_files/Vision/Dataset/automated_datasets/2_created_datasets/2_Spaghe
tti_dataset/b_003_p_006_l_006-011_red_nb.png, id=1371, 642.4pt x 481.8pt>
File: ./ZimFiles_files/Vision/Dataset/automated_datasets/2_created_datasets/2_S
paghetti_dataset/b_003_p_006_l_006-011_red_nb.png Graphic file (type png)
<use ./ZimFiles_files/Vision/Dataset/automated_datasets/2_created_datasets/2_Sp
aghetti_dataset/b_003_p_006_l_006-011_red_nb.png>
Package pdftex.def Info: ./ZimFiles_files/Vision/Dataset/automated_datasets/2_c
reated_datasets/2_Spaghetti_dataset/b_003_p_006_l_006-011_red_nb.png  used on i
nput line 3460.
(pdftex.def)             Requested size: 225.84375pt x 169.38239pt.
<./ZimFiles_files/Vision/Dataset/automated_datasets/2_created_datasets/2_Spaghe
tti_dataset/b_003_p_006_l_006-011_white_nb.png, id=1372, 642.4pt x 481.8pt>
File: ./ZimFiles_files/Vision/Dataset/automated_datasets/2_created_datasets/2_S
paghetti_dataset/b_003_p_006_l_006-011_white_nb.png Graphic file (type png)
<use ./ZimFiles_files/Vision/Dataset/automated_datasets/2_created_datasets/2_Sp
aghetti_dataset/b_003_p_006_l_006-011_white_nb.png>
Package pdftex.def Info: ./ZimFiles_files/Vision/Dataset/automated_datasets/2_c
reated_datasets/2_Spaghetti_dataset/b_003_p_006_l_006-011_white_nb.png  used on
 input line 3460.
(pdftex.def)             Requested size: 225.84375pt x 169.38239pt.

Overfull \hbox (121.6875pt too wide) in paragraph at lines 3460--3461
[][][] 
 []

<./ZimFiles_files/Vision/Dataset/automated_datasets/2_created_datasets/2_Spaghe
tti_dataset/b_005_p_005_l_006-011_white_nb.png, id=1373, 642.4pt x 481.8pt>
File: ./ZimFiles_files/Vision/Dataset/automated_datasets/2_created_datasets/2_S
paghetti_dataset/b_005_p_005_l_006-011_white_nb.png Graphic file (type png)
<use ./ZimFiles_files/Vision/Dataset/automated_datasets/2_created_datasets/2_Sp
aghetti_dataset/b_005_p_005_l_006-011_white_nb.png>
Package pdftex.def Info: ./ZimFiles_files/Vision/Dataset/automated_datasets/2_c
reated_datasets/2_Spaghetti_dataset/b_005_p_005_l_006-011_white_nb.png  used on
 input line 3468.
(pdftex.def)             Requested size: 225.84375pt x 169.38239pt.
<./ZimFiles_files/Vision/Dataset/automated_datasets/2_created_datasets/2_Spaghe
tti_dataset/gray_b_003_p_004_l_006-011_white_nb.png, id=1374, 642.4pt x 481.8pt
>
File: ./ZimFiles_files/Vision/Dataset/automated_datasets/2_created_datasets/2_S
paghetti_dataset/gray_b_003_p_004_l_006-011_white_nb.png Graphic file (type png
)
<use ./ZimFiles_files/Vision/Dataset/automated_datasets/2_created_datasets/2_Sp
aghetti_dataset/gray_b_003_p_004_l_006-011_white_nb.png>
Package pdftex.def Info: ./ZimFiles_files/Vision/Dataset/automated_datasets/2_c
reated_datasets/2_Spaghetti_dataset/gray_b_003_p_004_l_006-011_white_nb.png  us
ed on input line 3476.
(pdftex.def)             Requested size: 225.84375pt x 169.38239pt.
[72 <./ZimFiles_files/Vision/Dataset/automated_datasets/2_created_datasets/2_Sp
aghetti_dataset/b_003_p_006_l_006-011_red_nb.png (PNG copy)> <./ZimFiles_files/
Vision/Dataset/automated_datasets/2_created_datasets/2_Spaghetti_dataset/b_003_
p_006_l_006-011_white_nb.png (PNG copy)> <./ZimFiles_files/Vision/Dataset/autom
ated_datasets/2_created_datasets/2_Spaghetti_dataset/b_005_p_005_l_006-011_whit
e_nb.png (PNG copy)>]
<./ZimFiles_files/Vision/Dataset/automated_datasets/2_created_datasets/2_Spaghe
tti_dataset/rounded_grey_b_011_p_008_l_006-011_white_nb.png, id=1380, 642.4pt x
 481.8pt>
File: ./ZimFiles_files/Vision/Dataset/automated_datasets/2_created_datasets/2_S
paghetti_dataset/rounded_grey_b_011_p_008_l_006-011_white_nb.png Graphic file (
type png)
<use ./ZimFiles_files/Vision/Dataset/automated_datasets/2_created_datasets/2_Sp
aghetti_dataset/rounded_grey_b_011_p_008_l_006-011_white_nb.png>
Package pdftex.def Info: ./ZimFiles_files/Vision/Dataset/automated_datasets/2_c
reated_datasets/2_Spaghetti_dataset/rounded_grey_b_011_p_008_l_006-011_white_nb
.png  used on input line 3482.
(pdftex.def)             Requested size: 225.84375pt x 169.38239pt.
<./ZimFiles_files/Vision/Dataset/automated_datasets/2_created_datasets/2_Spaghe
tti_dataset/rounded_black_b_013_p_002_l_006-011_white_nb.png, id=1381, 642.4pt 
x 481.8pt>
File: ./ZimFiles_files/Vision/Dataset/automated_datasets/2_created_datasets/2_S
paghetti_dataset/rounded_black_b_013_p_002_l_006-011_white_nb.png Graphic file 
(type png)
<use ./ZimFiles_files/Vision/Dataset/automated_datasets/2_created_datasets/2_Sp
aghetti_dataset/rounded_black_b_013_p_002_l_006-011_white_nb.png>
Package pdftex.def Info: ./ZimFiles_files/Vision/Dataset/automated_datasets/2_c
reated_datasets/2_Spaghetti_dataset/rounded_black_b_013_p_002_l_006-011_white_n
b.png  used on input line 3486.
(pdftex.def)             Requested size: 225.84375pt x 169.38239pt.
 [73 <./ZimFiles_files/Vision/Dataset/automated_datasets/2_created_datasets/2_S
paghetti_dataset/gray_b_003_p_004_l_006-011_white_nb.png (PNG copy)> <./ZimFile
s_files/Vision/Dataset/automated_datasets/2_created_datasets/2_Spaghetti_datase
t/rounded_grey_b_011_p_008_l_006-011_white_nb.png (PNG copy)>]
<./ZimFiles_files/Vision/Dataset/automated_datasets/2_created_datasets/2_Spaghe
tti_dataset/rounded_copper_b_014_p_005_l_006-011_white_nb.png, id=1387, 642.4pt
 x 481.8pt>
File: ./ZimFiles_files/Vision/Dataset/automated_datasets/2_created_datasets/2_S
paghetti_dataset/rounded_copper_b_014_p_005_l_006-011_white_nb.png Graphic file
 (type png)
<use ./ZimFiles_files/Vision/Dataset/automated_datasets/2_created_datasets/2_Sp
aghetti_dataset/rounded_copper_b_014_p_005_l_006-011_white_nb.png>
Package pdftex.def Info: ./ZimFiles_files/Vision/Dataset/automated_datasets/2_c
reated_datasets/2_Spaghetti_dataset/rounded_copper_b_014_p_005_l_006-011_white_
nb.png  used on input line 3492.
(pdftex.def)             Requested size: 225.84375pt x 169.38239pt.
<./ZimFiles_files/Vision/Dataset/automated_datasets/2_created_datasets/2_Spaghe
tti_dataset/rounded_gold_b_015_p_006_l_006-011_white_nb.png, id=1388, 642.4pt x
 481.8pt>
File: ./ZimFiles_files/Vision/Dataset/automated_datasets/2_created_datasets/2_S
paghetti_dataset/rounded_gold_b_015_p_006_l_006-011_white_nb.png Graphic file (
type png)
<use ./ZimFiles_files/Vision/Dataset/automated_datasets/2_created_datasets/2_Sp
aghetti_dataset/rounded_gold_b_015_p_006_l_006-011_white_nb.png>
Package pdftex.def Info: ./ZimFiles_files/Vision/Dataset/automated_datasets/2_c
reated_datasets/2_Spaghetti_dataset/rounded_gold_b_015_p_006_l_006-011_white_nb
.png  used on input line 3498.
(pdftex.def)             Requested size: 225.84375pt x 169.38239pt.
 [74 <./ZimFiles_files/Vision/Dataset/automated_datasets/2_created_datasets/2_S
paghetti_dataset/rounded_black_b_013_p_002_l_006-011_white_nb.png (PNG copy)> <
./ZimFiles_files/Vision/Dataset/automated_datasets/2_created_datasets/2_Spaghet
ti_dataset/rounded_copper_b_014_p_005_l_006-011_white_nb.png (PNG copy)>]
[75 <./ZimFiles_files/Vision/Dataset/automated_datasets/2_created_datasets/2_Sp
aghetti_dataset/rounded_gold_b_015_p_006_l_006-011_white_nb.png (PNG copy)>]
<./ZimFiles_files/Vision/Dataset/handmade_datasets/initial_dataset/initial data
set pictuer.PNG, id=1397, 707.64375pt x 520.94624pt>
File: ./ZimFiles_files/Vision/Dataset/handmade_datasets/initial_dataset/initial
 dataset pictuer.PNG Graphic file (type png)
<use ./ZimFiles_files/Vision/Dataset/handmade_datasets/initial_dataset/initial 
dataset pictuer.PNG>
Package pdftex.def Info: ./ZimFiles_files/Vision/Dataset/handmade_datasets/init
ial_dataset/initial dataset pictuer.PNG  used on input line 3573.
(pdftex.def)             Requested size: 225.84375pt x 166.25311pt.

Overfull \hbox (39.61176pt too wide) in paragraph at lines 3598--3612
[][] 
 []

<./ZimFiles_files/Vision/Dataset/handmade_datasets/Second_handmade_dataset/t50b
-img.PNG, id=1398, 694.84593pt x 482.55281pt>
File: ./ZimFiles_files/Vision/Dataset/handmade_datasets/Second_handmade_dataset
/t50b-img.PNG Graphic file (type png)
<use ./ZimFiles_files/Vision/Dataset/handmade_datasets/Second_handmade_dataset/
t50b-img.PNG>
Package pdftex.def Info: ./ZimFiles_files/Vision/Dataset/handmade_datasets/Seco
nd_handmade_dataset/t50b-img.PNG  used on input line 3624.
(pdftex.def)             Requested size: 216.79953pt x 150.56212pt.
<./ZimFiles_files/Vision/Dataset/handmade_datasets/Second_handmade_dataset/b_00
5_p_010_s.jpg, id=1399, 642.4pt x 481.8pt>
File: ./ZimFiles_files/Vision/Dataset/handmade_datasets/Second_handmade_dataset
/b_005_p_010_s.jpg Graphic file (type jpg)
<use ./ZimFiles_files/Vision/Dataset/handmade_datasets/Second_handmade_dataset/
b_005_p_010_s.jpg>
Package pdftex.def Info: ./ZimFiles_files/Vision/Dataset/handmade_datasets/Seco
nd_handmade_dataset/b_005_p_010_s.jpg  used on input line 3624.
(pdftex.def)             Requested size: 200.74951pt x 150.56212pt.

Overfull \hbox (87.54904pt too wide) in paragraph at lines 3624--3625
[][][] 
 []

[76 <./ZimFiles_files/Vision/Dataset/handmade_datasets/initial_dataset/initial 
dataset pictuer.PNG>] [77 <./ZimFiles_files/Vision/Dataset/handmade_datasets/Se
cond_handmade_dataset/t50b-img.PNG> <./ZimFiles_files/Vision/Dataset/handmade_d
atasets/Second_handmade_dataset/b_005_p_010_s.jpg>]
(/usr/local/texlive/2020/texmf-dist/tex/latex/ucs/data/uni-34.def
File: uni-34.def 2013/05/13 UCS: Unicode data U+2200..U+22FF
)
Overfull \hbox (9.33955pt too wide) in paragraph at lines 3762--3763
\OT1/cmr/m/n/10 Results of this note-book are avail-able on wandb as []pytorch-
TWI[]second[]handmade[] 
 []

[78]
Overfull \hbox (5.19511pt too wide) in paragraph at lines 3770--3786
[][] 
 []


Overfull \hbox (9.33955pt too wide) in paragraph at lines 3850--3851
\OT1/cmr/m/n/10 Results of this note-book are avail-able on wandb as []pytorch-
TWI[]second[]handmade[] 
 []

[79]
Overfull \hbox (5.19511pt too wide) in paragraph at lines 3858--3874
[][] 
 []

[80]
<./ZimFiles_files/Vision/GoogleColab/Test_Camera_Setup/Resnet18/Screenshot 2020
-11-18 at 22.58.45.png, id=1433, 408.52625pt x 391.4625pt>
File: ./ZimFiles_files/Vision/GoogleColab/Test_Camera_Setup/Resnet18/Screenshot
 2020-11-18 at 22.58.45.png Graphic file (type png)
<use ./ZimFiles_files/Vision/GoogleColab/Test_Camera_Setup/Resnet18/Screenshot 
2020-11-18 at 22.58.45.png>
Package pdftex.def Info: ./ZimFiles_files/Vision/GoogleColab/Test_Camera_Setup/
Resnet18/Screenshot 2020-11-18 at 22.58.45.png  used on input line 3965.
(pdftex.def)             Requested size: 314.26697pt x 301.12537pt.
<./ZimFiles_files/Vision/GoogleColab/Test_Camera_Setup/Resnet18/Screenshot 2020
-11-18 at 23.13.23.png, id=1434, 402.50375pt x 393.47pt>
File: ./ZimFiles_files/Vision/GoogleColab/Test_Camera_Setup/Resnet18/Screenshot
 2020-11-18 at 23.13.23.png Graphic file (type png)
<use ./ZimFiles_files/Vision/GoogleColab/Test_Camera_Setup/Resnet18/Screenshot 
2020-11-18 at 23.13.23.png>
Package pdftex.def Info: ./ZimFiles_files/Vision/GoogleColab/Test_Camera_Setup/
Resnet18/Screenshot 2020-11-18 at 23.13.23.png  used on input line 3969.
(pdftex.def)             Requested size: 308.0372pt x 301.12537pt.
 [81 <./ZimFiles_files/Vision/GoogleColab/Test_Camera_Setup/Resnet18/Screenshot
 2020-11-18 at 22.58.45.png>]
Package atveryend Info: Empty hook `BeforeClearDocument' on input line 3977.
 [82 <./ZimFiles_files/Vision/GoogleColab/Test_Camera_Setup/Resnet18/Screenshot
 2020-11-18 at 23.13.23.png>]
Package atveryend Info: Empty hook `AfterLastShipout' on input line 3977.
 (./ZimFiles.aux)
Package atveryend Info: Executing hook `AtVeryEndDocument' on input line 3977.
Package atveryend Info: Executing hook `AtEndAfterFileList' on input line 3977.

Package rerunfilecheck Info: File `ZimFiles.out' has not changed.
(rerunfilecheck)             Checksum: 59A4945EEC210D55D4FA9D71D38D170D;10890.
Package atveryend Info: Empty hook `AtVeryVeryEnd' on input line 3977.
 ) 
Here is how much of TeX's memory you used:
 10681 strings out of 480608
 186197 string characters out of 5903630
 398282 words of memory out of 5000000
 25787 multiletter control sequences out of 15000+600000
 542644 words of font info for 65 fonts, out of 8000000 for 9000
 1141 hyphenation exceptions out of 8191
 34i,7n,36p,1731b,555s stack positions out of 5000i,500n,10000p,200000b,80000s
{/usr/local/texlive/2020/texmf-dist/fonts/enc/dvips/cm-super/cm-super-ts1.enc
}</usr/local/texlive/2020/texmf-dist/fonts/type1/public/amsfonts/cm/cmbx10.pfb>
</usr/local/texlive/2020/texmf-dist/fonts/type1/public/amsfonts/cm/cmbx12.pfb><
/usr/local/texlive/2020/texmf-dist/fonts/type1/public/amsfonts/cm/cmmi10.pfb></
usr/local/texlive/2020/texmf-dist/fonts/type1/public/amsfonts/cm/cmr10.pfb></us
r/local/texlive/2020/texmf-dist/fonts/type1/public/amsfonts/cm/cmr12.pfb></usr/
local/texlive/2020/texmf-dist/fonts/type1/public/amsfonts/cm/cmr17.pfb></usr/lo
cal/texlive/2020/texmf-dist/fonts/type1/public/amsfonts/cm/cmsy10.pfb></usr/loc
al/texlive/2020/texmf-dist/fonts/type1/public/amsfonts/cm/cmti10.pfb></usr/loca
l/texlive/2020/texmf-dist/fonts/type1/public/cm-super/sfbx1200.pfb></usr/local/
texlive/2020/texmf-dist/fonts/type1/public/cm-super/sfrm1000.pfb></usr/local/te
xlive/2020/texmf-dist/fonts/type1/public/wasy-type1/wasy10.pfb>
Output written on ZimFiles.pdf (82 pages, 48457847 bytes).
PDF statistics:
 1599 PDF objects out of 1728 (max. 8388607)
 1409 compressed objects within 15 object streams
 530 named destinations out of 1000 (max. 500000)
 1685 words of extra memory for PDF output out of 10000 (max. 10000000)

