\BOOKMARK [0][-]{chapter*.1}{Contents}{}% 1
\BOOKMARK [0][-]{chapter*.2}{List of Figures}{}% 2
\BOOKMARK [0][-]{chapter*.2}{List of Figures}{}% 3
\BOOKMARK [0][-]{chapter*.3}{List of Tables}{}% 4
\BOOKMARK [0][-]{chapter*.3}{List of Tables}{}% 5
\BOOKMARK [0][-]{chapter*.4}{List of abbreviations}{}% 6
\BOOKMARK [0][-]{chapter.1}{Introduction}{}% 7
\BOOKMARK [0][-]{chapter.2}{Literature review}{}% 8
\BOOKMARK [1][-]{section.2.1}{State of the art}{chapter.2}% 9
\BOOKMARK [1][-]{section.2.2}{Information on the process}{chapter.2}% 10
\BOOKMARK [2][-]{subsection.2.2.1}{How does the tool wear?}{section.2.2}% 11
\BOOKMARK [2][-]{subsection.2.2.2}{Surface of the insert}{section.2.2}% 12
\BOOKMARK [2][-]{subsection.2.2.3}{Vision algorithms}{section.2.2}% 13
\BOOKMARK [2][-]{subsection.2.2.4}{Overview of important numbers}{section.2.2}% 14
\BOOKMARK [2][-]{subsection.2.2.5}{Other architectures for small datasets}{section.2.2}% 15
\BOOKMARK [0][-]{chapter.3}{Implementation}{}% 16
\BOOKMARK [1][-]{section.3.1}{Camera setup}{chapter.3}% 17
\BOOKMARK [2][-]{subsection.3.1.1}{Design of a tool holder}{section.3.1}% 18
\BOOKMARK [2][-]{subsection.3.1.2}{Design of a camera mount}{section.3.1}% 19
\BOOKMARK [2][-]{subsection.3.1.3}{Light configuration}{section.3.1}% 20
\BOOKMARK [1][-]{section.3.2}{Datasets}{chapter.3}% 21
\BOOKMARK [2][-]{subsection.3.2.1}{Handmade datasets}{section.3.2}% 22
\BOOKMARK [2][-]{subsection.3.2.2}{Automated datasets}{section.3.2}% 23
\BOOKMARK [2][-]{subsection.3.2.3}{Created datasets}{section.3.2}% 24
\BOOKMARK [1][-]{section.3.3}{Vision algorithms}{chapter.3}% 25
\BOOKMARK [2][-]{subsection.3.3.1}{Data organisation}{section.3.3}% 26
\BOOKMARK [2][-]{subsection.3.3.2}{Model creation}{section.3.3}% 27
\BOOKMARK [2][-]{subsection.3.3.3}{Training and testing}{section.3.3}% 28
\BOOKMARK [0][-]{chapter.4}{Results}{}% 29
\BOOKMARK [1][-]{section.4.1}{Setup}{chapter.4}% 30
\BOOKMARK [1][-]{section.4.2}{Second handmade dataset results}{chapter.4}% 31
\BOOKMARK [2][-]{subsection.4.2.1}{Overall results}{section.4.2}% 32
\BOOKMARK [2][-]{subsection.4.2.2}{Comparison between different model architectures}{section.4.2}% 33
\BOOKMARK [2][-]{subsection.4.2.3}{Influence of Transfer learning on the results}{section.4.2}% 34
\BOOKMARK [2][-]{subsection.4.2.4}{Other parameter influences}{section.4.2}% 35
\BOOKMARK [2][-]{subsection.4.2.5}{Test images}{section.4.2}% 36
\BOOKMARK [1][-]{section.4.3}{Birthday dataset results}{chapter.4}% 37
\BOOKMARK [1][-]{section.4.4}{Spaghetti dataset results}{chapter.4}% 38
\BOOKMARK [2][-]{subsection.4.4.1}{Overall results for five best runs}{section.4.4}% 39
\BOOKMARK [2][-]{subsection.4.4.2}{Comparison between different model architectures}{section.4.4}% 40
\BOOKMARK [2][-]{subsection.4.4.3}{Validation Accuracy}{section.4.4}% 41
\BOOKMARK [2][-]{subsection.4.4.4}{Influence of transfer learning on the results}{section.4.4}% 42
\BOOKMARK [2][-]{subsection.4.4.5}{Red vs White}{section.4.4}% 43
\BOOKMARK [2][-]{subsection.4.4.6}{Training runs}{section.4.4}% 44
\BOOKMARK [2][-]{subsection.4.4.7}{Test images}{section.4.4}% 45
\BOOKMARK [1][-]{section.4.5}{Spaghetti dataset compared with second handmade dataset}{chapter.4}% 46
\BOOKMARK [2][-]{subsection.4.5.1}{Global comparison}{section.4.5}% 47
\BOOKMARK [2][-]{subsection.4.5.2}{difference for different model architectures}{section.4.5}% 48
\BOOKMARK [0][-]{chapter.5}{Conclusion}{}% 49
\BOOKMARK [0][-]{chapter.6}{Bibliography}{}% 50
\BOOKMARK [0][-]{appendix.A}{Schedule}{}% 51
