\BOOKMARK [0][-]{chapter*.1}{Acknowledgements}{}% 1
\BOOKMARK [0][-]{chapter*.2}{Summary}{}% 2
\BOOKMARK [0][-]{chapter*.3}{Abstract}{}% 3
\BOOKMARK [0][-]{chapter*.4}{Contents}{}% 4
\BOOKMARK [0][-]{chapter*.5}{List of Figures}{}% 5
\BOOKMARK [0][-]{chapter*.6}{List of Tables}{}% 6
\BOOKMARK [0][-]{chapter*.7}{List of symbols}{}% 7
\BOOKMARK [0][-]{chapter*.9}{List of abbreviations}{}% 8
\BOOKMARK [0][-]{chapter.1}{Introduction}{}% 9
\BOOKMARK [1][-]{section.1.1}{Problem definition}{chapter.1}% 10
\BOOKMARK [1][-]{section.1.2}{Goal}{chapter.1}% 11
\BOOKMARK [2][-]{subsection.1.2.1}{Papierformaat en bladspiegel}{section.1.2}% 12
\BOOKMARK [2][-]{subsection.1.2.2}{Titelblad}{section.1.2}% 13
\BOOKMARK [1][-]{section.1.3}{Overview of chapters}{chapter.1}% 14
\BOOKMARK [0][-]{chapter.2}{Literature review}{}% 15
\BOOKMARK [1][-]{section.2.1}{Color transfer}{chapter.2}% 16
\BOOKMARK [1][-]{section.2.2}{Kernel estimation density}{chapter.2}% 17
\BOOKMARK [1][-]{section.2.3}{Clustering}{chapter.2}% 18
\BOOKMARK [2][-]{subsection.2.3.1}{Mean shift}{section.2.3}% 19
\BOOKMARK [1][-]{section.2.4}{Color smoothing}{chapter.2}% 20
\BOOKMARK [0][-]{chapter.3}{Implementation}{}% 21
\BOOKMARK [1][-]{section.3.1}{Algemene richtlijnen}{chapter.3}% 22
\BOOKMARK [0][-]{chapter.4}{Results}{}% 23
\BOOKMARK [0][-]{chapter.5}{Conclusion}{}% 24
\BOOKMARK [1][-]{section.5.1}{Inleiding}{chapter.5}% 25
\BOOKMARK [1][-]{section.5.2}{Referentiestijl}{chapter.5}% 26
\BOOKMARK [0][-]{appendix.A}{Uitleg over de appendices}{}% 27
